  [1m[35m (756.1ms)[0m  [1m[35mCREATE DATABASE "motogo_api_development" ENCODING = 'unicode'[0m
  [1m[35m (297.5ms)[0m  [1m[35mCREATE DATABASE "motogo_api_test" ENCODING = 'unicode'[0m
Started GET "/" for ::1 at 2020-04-25 21:33:06 -0500
  
ActiveRecord::PendingMigrationError (

Migrations are pending. To resolve this issue, run:

        rails db:migrate RAILS_ENV=development

):
  
activerecord (6.0.2.2) lib/active_record/migration.rb:587:in `check_pending!'
activerecord (6.0.2.2) lib/active_record/migration.rb:564:in `call'
actionpack (6.0.2.2) lib/action_dispatch/middleware/callbacks.rb:27:in `block in call'
activesupport (6.0.2.2) lib/active_support/callbacks.rb:101:in `run_callbacks'
actionpack (6.0.2.2) lib/action_dispatch/middleware/callbacks.rb:26:in `call'
actionpack (6.0.2.2) lib/action_dispatch/middleware/executor.rb:14:in `call'
actionpack (6.0.2.2) lib/action_dispatch/middleware/actionable_exceptions.rb:17:in `call'
actionpack (6.0.2.2) lib/action_dispatch/middleware/debug_exceptions.rb:32:in `call'
web-console (4.0.1) lib/web_console/middleware.rb:132:in `call_app'
web-console (4.0.1) lib/web_console/middleware.rb:28:in `block in call'
web-console (4.0.1) lib/web_console/middleware.rb:17:in `catch'
web-console (4.0.1) lib/web_console/middleware.rb:17:in `call'
actionpack (6.0.2.2) lib/action_dispatch/middleware/show_exceptions.rb:33:in `call'
railties (6.0.2.2) lib/rails/rack/logger.rb:38:in `call_app'
railties (6.0.2.2) lib/rails/rack/logger.rb:26:in `block in call'
activesupport (6.0.2.2) lib/active_support/tagged_logging.rb:80:in `block in tagged'
activesupport (6.0.2.2) lib/active_support/tagged_logging.rb:28:in `tagged'
activesupport (6.0.2.2) lib/active_support/tagged_logging.rb:80:in `tagged'
railties (6.0.2.2) lib/rails/rack/logger.rb:26:in `call'
sprockets-rails (3.2.1) lib/sprockets/rails/quiet_assets.rb:13:in `call'
actionpack (6.0.2.2) lib/action_dispatch/middleware/remote_ip.rb:81:in `call'
actionpack (6.0.2.2) lib/action_dispatch/middleware/request_id.rb:27:in `call'
rack (2.2.2) lib/rack/method_override.rb:24:in `call'
rack (2.2.2) lib/rack/runtime.rb:22:in `call'
activesupport (6.0.2.2) lib/active_support/cache/strategy/local_cache_middleware.rb:29:in `call'
actionpack (6.0.2.2) lib/action_dispatch/middleware/executor.rb:14:in `call'
actionpack (6.0.2.2) lib/action_dispatch/middleware/static.rb:126:in `call'
rack (2.2.2) lib/rack/sendfile.rb:110:in `call'
actionpack (6.0.2.2) lib/action_dispatch/middleware/host_authorization.rb:83:in `call'
rack-cors (1.1.1) lib/rack/cors.rb:100:in `call'
webpacker (4.2.2) lib/webpacker/dev_server_proxy.rb:23:in `perform_request'
rack-proxy (0.6.5) lib/rack/proxy.rb:57:in `call'
railties (6.0.2.2) lib/rails/engine.rb:526:in `call'
puma (4.3.3) lib/puma/configuration.rb:228:in `call'
puma (4.3.3) lib/puma/server.rb:682:in `handle_request'
puma (4.3.3) lib/puma/server.rb:472:in `process_client'
puma (4.3.3) lib/puma/server.rb:328:in `block in run'
puma (4.3.3) lib/puma/thread_pool.rb:134:in `block in spawn_thread'
  [1m[35m (108.3ms)[0m  [1m[35mCREATE TABLE "schema_migrations" ("version" character varying NOT NULL PRIMARY KEY)[0m
  [1m[35m (31.9ms)[0m  [1m[35mCREATE TABLE "ar_internal_metadata" ("key" character varying NOT NULL PRIMARY KEY, "value" character varying, "created_at" timestamp(6) NOT NULL, "updated_at" timestamp(6) NOT NULL)[0m
  [1m[35m (1.1ms)[0m  [1m[34mSELECT pg_try_advisory_lock(773160372149535930)[0m
  [1m[35m (26.4ms)[0m  [1m[34mSELECT "schema_migrations"."version" FROM "schema_migrations" ORDER BY "schema_migrations"."version" ASC[0m
Migrating to CreateActiveStorageTables (20200426013739)
  [1m[35m (3.2ms)[0m  [1m[35mBEGIN[0m
  [1m[35m (37.0ms)[0m  [1m[35mCREATE TABLE "active_storage_blobs" ("id" bigserial primary key, "key" character varying NOT NULL, "filename" character varying NOT NULL, "content_type" character varying, "metadata" text, "byte_size" bigint NOT NULL, "checksum" character varying NOT NULL, "created_at" timestamp NOT NULL)[0m
  [1m[35m (3.5ms)[0m  [1m[35mCREATE UNIQUE INDEX  "index_active_storage_blobs_on_key" ON "active_storage_blobs"  ("key")[0m
  [1m[35m (36.7ms)[0m  [1m[35mCREATE TABLE "active_storage_attachments" ("id" bigserial primary key, "name" character varying NOT NULL, "record_type" character varying NOT NULL, "record_id" bigint NOT NULL, "blob_id" bigint NOT NULL, "created_at" timestamp NOT NULL, CONSTRAINT "fk_rails_c3b3935057"
FOREIGN KEY ("blob_id")
  REFERENCES "active_storage_blobs" ("id")
)[0m
  [1m[35m (1.4ms)[0m  [1m[35mCREATE  INDEX  "index_active_storage_attachments_on_blob_id" ON "active_storage_attachments"  ("blob_id")[0m
  [1m[35m (2.4ms)[0m  [1m[35mCREATE UNIQUE INDEX  "index_active_storage_attachments_uniqueness" ON "active_storage_attachments"  ("record_type", "record_id", "name", "blob_id")[0m
  [1m[36mprimary::SchemaMigration Create (27.2ms)[0m  [1m[32mINSERT INTO "schema_migrations" ("version") VALUES ($1) RETURNING "version"[0m  [["version", "20200426013739"]]
  [1m[35m (0.5ms)[0m  [1m[35mCOMMIT[0m
  [1m[36mActiveRecord::InternalMetadata Load (0.5ms)[0m  [1m[34mSELECT "ar_internal_metadata".* FROM "ar_internal_metadata" WHERE "ar_internal_metadata"."key" = $1 LIMIT $2[0m  [["key", "environment"], ["LIMIT", 1]]
  [1m[35m (0.2ms)[0m  [1m[35mBEGIN[0m
  [1m[36mActiveRecord::InternalMetadata Create (1.4ms)[0m  [1m[32mINSERT INTO "ar_internal_metadata" ("key", "value", "created_at", "updated_at") VALUES ($1, $2, $3, $4) RETURNING "key"[0m  [["key", "environment"], ["value", "development"], ["created_at", "2020-04-26 02:35:08.706350"], ["updated_at", "2020-04-26 02:35:08.706350"]]
  [1m[35m (24.5ms)[0m  [1m[35mCOMMIT[0m
  [1m[35m (0.4ms)[0m  [1m[34mSELECT pg_advisory_unlock(773160372149535930)[0m
  [1m[35m (0.9ms)[0m  [1m[34mSELECT "schema_migrations"."version" FROM "schema_migrations" ORDER BY "schema_migrations"."version" ASC[0m
Started GET "/" for ::1 at 2020-04-25 21:35:24 -0500
  [1m[35m (0.8ms)[0m  [1m[34mSELECT "schema_migrations"."version" FROM "schema_migrations" ORDER BY "schema_migrations"."version" ASC[0m
Processing by StaticController#home as HTML
Completed 200 OK in 20ms (Views: 1.0ms | ActiveRecord: 0.0ms | Allocations: 320)


  [1m[35m (0.8ms)[0m  [1m[34mSELECT "schema_migrations"."version" FROM "schema_migrations" ORDER BY "schema_migrations"."version" ASC[0m
  [1m[35m (24.8ms)[0m  [1m[34mSELECT "schema_migrations"."version" FROM "schema_migrations" ORDER BY "schema_migrations"."version" ASC[0m
  [1m[35m (0.3ms)[0m  [1m[34mSELECT "schema_migrations"."version" FROM "schema_migrations" ORDER BY "schema_migrations"."version" ASC[0m
  [1m[35m (0.2ms)[0m  [1m[34mSELECT pg_try_advisory_lock(773160372149535930)[0m
  [1m[35m (0.3ms)[0m  [1m[34mSELECT "schema_migrations"."version" FROM "schema_migrations" ORDER BY "schema_migrations"."version" ASC[0m
Migrating to CreateActiveStorageTables (20200426013739)
  [1m[35m (0.2ms)[0m  [1m[35mBEGIN[0m
  [1m[35m (41.6ms)[0m  [1m[35mDROP TABLE "active_storage_attachments"[0m
  [1m[35m (3.7ms)[0m  [1m[35mDROP TABLE "active_storage_blobs"[0m
  [1m[36mprimary::SchemaMigration Destroy (29.7ms)[0m  [1m[31mDELETE FROM "schema_migrations" WHERE "schema_migrations"."version" = $1[0m  [["version", "20200426013739"]]
  [1m[35m (9.9ms)[0m  [1m[35mCOMMIT[0m
  [1m[35m (0.4ms)[0m  [1m[34mSELECT pg_advisory_unlock(773160372149535930)[0m
  [1m[35m (1.2ms)[0m  [1m[34mSELECT "schema_migrations"."version" FROM "schema_migrations" ORDER BY "schema_migrations"."version" ASC[0m
  [1m[35m (0.3ms)[0m  [1m[34mSELECT pg_try_advisory_lock(773160372149535930)[0m
  [1m[35m (25.3ms)[0m  [1m[34mSELECT "schema_migrations"."version" FROM "schema_migrations" ORDER BY "schema_migrations"."version" ASC[0m
Migrating to CreateActiveStorageTables (20200426013739)
  [1m[35m (0.2ms)[0m  [1m[35mBEGIN[0m
  [1m[35m (42.4ms)[0m  [1m[35mCREATE TABLE "active_storage_blobs" ("id" bigserial primary key, "key" character varying NOT NULL, "filename" character varying NOT NULL, "content_type" character varying, "metadata" text, "byte_size" bigint NOT NULL, "checksum" character varying NOT NULL, "created_at" timestamp NOT NULL)[0m
  [1m[35m (1.4ms)[0m  [1m[35mCREATE UNIQUE INDEX  "index_active_storage_blobs_on_key" ON "active_storage_blobs"  ("key")[0m
  [1m[35m (14.0ms)[0m  [1m[35mCREATE TABLE "active_storage_attachments" ("id" bigserial primary key, "name" character varying NOT NULL, "record_type" character varying NOT NULL, "record_id" bigint NOT NULL, "blob_id" bigint NOT NULL, "created_at" timestamp NOT NULL, CONSTRAINT "fk_rails_c3b3935057"
FOREIGN KEY ("blob_id")
  REFERENCES "active_storage_blobs" ("id")
)[0m
  [1m[35m (1.8ms)[0m  [1m[35mCREATE  INDEX  "index_active_storage_attachments_on_blob_id" ON "active_storage_attachments"  ("blob_id")[0m
  [1m[35m (1.4ms)[0m  [1m[35mCREATE UNIQUE INDEX  "index_active_storage_attachments_uniqueness" ON "active_storage_attachments"  ("record_type", "record_id", "name", "blob_id")[0m
  [1m[36mprimary::SchemaMigration Create (0.8ms)[0m  [1m[32mINSERT INTO "schema_migrations" ("version") VALUES ($1) RETURNING "version"[0m  [["version", "20200426013739"]]
  [1m[35m (2.5ms)[0m  [1m[35mCOMMIT[0m
Migrating to CreateUsers (20200426023954)
  [1m[35m (22.3ms)[0m  [1m[35mBEGIN[0m
  [1m[35m (5.9ms)[0m  [1m[35mCREATE TABLE "users" ("id" bigserial primary key, "first_name" character varying, "last_name" character varying, "email" character varying, "password_digest" character varying, "address" character varying, "city" character varying, "state" character varying, "zip_code" character varying, "phone_number" character varying, "created_at" timestamp(6) NOT NULL, "updated_at" timestamp(6) NOT NULL)[0m
  [1m[36mprimary::SchemaMigration Create (0.3ms)[0m  [1m[32mINSERT INTO "schema_migrations" ("version") VALUES ($1) RETURNING "version"[0m  [["version", "20200426023954"]]
  [1m[35m (1.0ms)[0m  [1m[35mCOMMIT[0m
Migrating to CreateOwners (20200426025251)
  [1m[35m (0.6ms)[0m  [1m[35mBEGIN[0m
  [1m[35m (29.4ms)[0m  [1m[35mCREATE TABLE "owners" ("id" bigserial primary key, "user_id" integer, "created_at" timestamp(6) NOT NULL, "updated_at" timestamp(6) NOT NULL)[0m
  [1m[36mprimary::SchemaMigration Create (0.4ms)[0m  [1m[32mINSERT INTO "schema_migrations" ("version") VALUES ($1) RETURNING "version"[0m  [["version", "20200426025251"]]
  [1m[35m (0.4ms)[0m  [1m[35mCOMMIT[0m
Migrating to CreateRenters (20200426025348)
  [1m[35m (2.9ms)[0m  [1m[35mBEGIN[0m
  [1m[35m (33.0ms)[0m  [1m[35mCREATE TABLE "renters" ("id" bigserial primary key, "user_id" integer, "created_at" timestamp(6) NOT NULL, "updated_at" timestamp(6) NOT NULL)[0m
  [1m[36mprimary::SchemaMigration Create (0.3ms)[0m  [1m[32mINSERT INTO "schema_migrations" ("version") VALUES ($1) RETURNING "version"[0m  [["version", "20200426025348"]]
  [1m[35m (0.7ms)[0m  [1m[35mCOMMIT[0m
Migrating to CreateBikes (20200426025512)
  [1m[35m (3.9ms)[0m  [1m[35mBEGIN[0m
  [1m[35m (7.0ms)[0m  [1m[35mCREATE TABLE "bikes" ("id" bigserial primary key, "owner_id" integer, "year" integer, "make" character varying, "model" character varying, "rating" integer, "bike_name" character varying, "category" character varying, "created_at" timestamp(6) NOT NULL, "updated_at" timestamp(6) NOT NULL)[0m
  [1m[36mprimary::SchemaMigration Create (23.3ms)[0m  [1m[32mINSERT INTO "schema_migrations" ("version") VALUES ($1) RETURNING "version"[0m  [["version", "20200426025512"]]
  [1m[35m (0.5ms)[0m  [1m[35mCOMMIT[0m
Migrating to CreatePosts (20200426025732)
  [1m[35m (0.3ms)[0m  [1m[35mBEGIN[0m
  [1m[35m (10.4ms)[0m  [1m[35mCREATE TABLE "posts" ("id" bigserial primary key, "owner_id" integer, "bike_id" integer, "price_per_day" integer, "description" text, "created_at" timestamp(6) NOT NULL, "updated_at" timestamp(6) NOT NULL)[0m
  [1m[36mprimary::SchemaMigration Create (0.7ms)[0m  [1m[32mINSERT INTO "schema_migrations" ("version") VALUES ($1) RETURNING "version"[0m  [["version", "20200426025732"]]
  [1m[35m (26.7ms)[0m  [1m[35mCOMMIT[0m
Migrating to CreateRenterPosts (20200426025944)
  [1m[35m (0.5ms)[0m  [1m[35mBEGIN[0m
  [1m[35m (10.6ms)[0m  [1m[35mCREATE TABLE "renter_posts" ("id" bigserial primary key, "renter_id" integer, "post_id" integer, "status" character varying, "created_at" timestamp(6) NOT NULL, "updated_at" timestamp(6) NOT NULL)[0m
  [1m[36mprimary::SchemaMigration Create (1.8ms)[0m  [1m[32mINSERT INTO "schema_migrations" ("version") VALUES ($1) RETURNING "version"[0m  [["version", "20200426025944"]]
  [1m[35m (0.6ms)[0m  [1m[35mCOMMIT[0m
  [1m[36mActiveRecord::InternalMetadata Load (3.8ms)[0m  [1m[34mSELECT "ar_internal_metadata".* FROM "ar_internal_metadata" WHERE "ar_internal_metadata"."key" = $1 LIMIT $2[0m  [["key", "environment"], ["LIMIT", 1]]
  [1m[35m (0.3ms)[0m  [1m[34mSELECT pg_advisory_unlock(773160372149535930)[0m
  [1m[35m (1.3ms)[0m  [1m[34mSELECT "schema_migrations"."version" FROM "schema_migrations" ORDER BY "schema_migrations"."version" ASC[0m
  [1m[35m (0.7ms)[0m  [1m[34mSELECT "schema_migrations"."version" FROM "schema_migrations" ORDER BY "schema_migrations"."version" ASC[0m
  [1m[36mUser Load (0.6ms)[0m  [1m[34mSELECT "users".* FROM "users"[0m
  [1m[36mOwner Load (24.3ms)[0m  [1m[34mSELECT "owners".* FROM "owners"[0m
  [1m[36mRenter Load (0.5ms)[0m  [1m[34mSELECT "renters".* FROM "renters"[0m
  [1m[36mBike Load (0.6ms)[0m  [1m[34mSELECT "bikes".* FROM "bikes"[0m
  [1m[35m (0.8ms)[0m  [1m[34mSELECT "schema_migrations"."version" FROM "schema_migrations" ORDER BY "schema_migrations"."version" ASC[0m
  [1m[36mUser Load (0.6ms)[0m  [1m[34mSELECT "users".* FROM "users"[0m
  [1m[36mOwner Load (0.5ms)[0m  [1m[34mSELECT "owners".* FROM "owners"[0m
  [1m[36mRenter Load (23.0ms)[0m  [1m[34mSELECT "renters".* FROM "renters"[0m
  [1m[36mBike Load (0.6ms)[0m  [1m[34mSELECT "bikes".* FROM "bikes"[0m
  [1m[35m (1.2ms)[0m  [1m[34mSELECT "schema_migrations"."version" FROM "schema_migrations" ORDER BY "schema_migrations"."version" ASC[0m
  [1m[36mUser Load (0.6ms)[0m  [1m[34mSELECT "users".* FROM "users"[0m
  [1m[36mOwner Load (0.5ms)[0m  [1m[34mSELECT "owners".* FROM "owners"[0m
  [1m[36mRenter Load (0.5ms)[0m  [1m[34mSELECT "renters".* FROM "renters"[0m
  [1m[36mBike Load (0.6ms)[0m  [1m[34mSELECT "bikes".* FROM "bikes"[0m
  [1m[35m (0.2ms)[0m  [1m[35mBEGIN[0m
  [1m[36mUser Exists? (0.3ms)[0m  [1m[34mSELECT 1 AS one FROM "users" WHERE "users"."email" IS NULL LIMIT $1[0m  [["LIMIT", 1]]
  [1m[35m (0.2ms)[0m  [1m[31mROLLBACK[0m
  [1m[35m (9.7ms)[0m  [1m[35mBEGIN[0m
  [1m[36mUser Exists? (0.3ms)[0m  [1m[34mSELECT 1 AS one FROM "users" WHERE "users"."email" IS NULL LIMIT $1[0m  [["LIMIT", 1]]
  [1m[35m (0.1ms)[0m  [1m[31mROLLBACK[0m
  [1m[35m (16.8ms)[0m  [1m[35mBEGIN[0m
  [1m[36mUser Exists? (0.3ms)[0m  [1m[34mSELECT 1 AS one FROM "users" WHERE "users"."email" IS NULL LIMIT $1[0m  [["LIMIT", 1]]
  [1m[35m (0.1ms)[0m  [1m[31mROLLBACK[0m
  [1m[35m (10.7ms)[0m  [1m[35mBEGIN[0m
  [1m[36mUser Exists? (0.3ms)[0m  [1m[34mSELECT 1 AS one FROM "users" WHERE "users"."email" IS NULL LIMIT $1[0m  [["LIMIT", 1]]
  [1m[35m (0.2ms)[0m  [1m[31mROLLBACK[0m
  [1m[35m (2.3ms)[0m  [1m[35mBEGIN[0m
  [1m[36mUser Exists? (0.3ms)[0m  [1m[34mSELECT 1 AS one FROM "users" WHERE "users"."email" IS NULL LIMIT $1[0m  [["LIMIT", 1]]
  [1m[35m (0.2ms)[0m  [1m[31mROLLBACK[0m
  [1m[35m (6.9ms)[0m  [1m[35mBEGIN[0m
  [1m[36mUser Exists? (0.3ms)[0m  [1m[34mSELECT 1 AS one FROM "users" WHERE "users"."email" IS NULL LIMIT $1[0m  [["LIMIT", 1]]
  [1m[35m (0.2ms)[0m  [1m[31mROLLBACK[0m
  [1m[35m (0.3ms)[0m  [1m[35mBEGIN[0m
  [1m[36mUser Exists? (0.3ms)[0m  [1m[34mSELECT 1 AS one FROM "users" WHERE "users"."email" IS NULL LIMIT $1[0m  [["LIMIT", 1]]
  [1m[35m (0.2ms)[0m  [1m[31mROLLBACK[0m
  [1m[35m (10.7ms)[0m  [1m[35mBEGIN[0m
  [1m[36mUser Exists? (0.4ms)[0m  [1m[34mSELECT 1 AS one FROM "users" WHERE "users"."email" IS NULL LIMIT $1[0m  [["LIMIT", 1]]
  [1m[35m (0.2ms)[0m  [1m[31mROLLBACK[0m
  [1m[35m (15.7ms)[0m  [1m[35mBEGIN[0m
  [1m[36mUser Exists? (0.3ms)[0m  [1m[34mSELECT 1 AS one FROM "users" WHERE "users"."email" IS NULL LIMIT $1[0m  [["LIMIT", 1]]
  [1m[35m (0.2ms)[0m  [1m[31mROLLBACK[0m
  [1m[35m (15.8ms)[0m  [1m[35mBEGIN[0m
  [1m[36mUser Exists? (0.3ms)[0m  [1m[34mSELECT 1 AS one FROM "users" WHERE "users"."email" IS NULL LIMIT $1[0m  [["LIMIT", 1]]
  [1m[35m (0.1ms)[0m  [1m[31mROLLBACK[0m
  [1m[36mUser Load (0.2ms)[0m  [1m[34mSELECT "users".* FROM "users"[0m
  [1m[36mOwner Load (0.2ms)[0m  [1m[34mSELECT "owners".* FROM "owners"[0m
  [1m[36mUser Exists? (0.5ms)[0m  [1m[34mSELECT 1 AS one FROM "users" LIMIT $1[0m  [["LIMIT", 1]]
  [1m[36mUser Load (0.3ms)[0m  [1m[34mSELECT "users".* FROM "users" LIMIT $1[0m  [["LIMIT", 11]]
  [1m[36mUser Load (0.3ms)[0m  [1m[34mSELECT "users".* FROM "users" ORDER BY "users"."id" ASC LIMIT $1[0m  [["LIMIT", 1]]
  [1m[35m (0.8ms)[0m  [1m[34mSELECT "schema_migrations"."version" FROM "schema_migrations" ORDER BY "schema_migrations"."version" ASC[0m
  [1m[35m (0.1ms)[0m  [1m[35mBEGIN[0m
  [1m[36mUser Exists? (0.7ms)[0m  [1m[34mSELECT 1 AS one FROM "users" WHERE "users"."email" IS NULL LIMIT $1[0m  [["LIMIT", 1]]
  [1m[35m (0.2ms)[0m  [1m[31mROLLBACK[0m
  [1m[35m (0.2ms)[0m  [1m[35mBEGIN[0m
  [1m[36mUser Exists? (0.2ms)[0m  [1m[34mSELECT 1 AS one FROM "users" WHERE "users"."email" IS NULL LIMIT $1[0m  [["LIMIT", 1]]
  [1m[35m (0.3ms)[0m  [1m[31mROLLBACK[0m
  [1m[35m (8.5ms)[0m  [1m[35mBEGIN[0m
  [1m[36mUser Exists? (0.3ms)[0m  [1m[34mSELECT 1 AS one FROM "users" WHERE "users"."email" IS NULL LIMIT $1[0m  [["LIMIT", 1]]
  [1m[35m (0.1ms)[0m  [1m[31mROLLBACK[0m
  [1m[35m (2.9ms)[0m  [1m[35mBEGIN[0m
  [1m[36mUser Exists? (0.7ms)[0m  [1m[34mSELECT 1 AS one FROM "users" WHERE "users"."email" IS NULL LIMIT $1[0m  [["LIMIT", 1]]
  [1m[35m (0.4ms)[0m  [1m[31mROLLBACK[0m
  [1m[35m (1.0ms)[0m  [1m[35mBEGIN[0m
  [1m[36mUser Exists? (0.4ms)[0m  [1m[34mSELECT 1 AS one FROM "users" WHERE "users"."email" IS NULL LIMIT $1[0m  [["LIMIT", 1]]
  [1m[35m (0.2ms)[0m  [1m[31mROLLBACK[0m
  [1m[35m (8.2ms)[0m  [1m[35mBEGIN[0m
  [1m[36mUser Exists? (0.3ms)[0m  [1m[34mSELECT 1 AS one FROM "users" WHERE "users"."email" IS NULL LIMIT $1[0m  [["LIMIT", 1]]
  [1m[35m (0.1ms)[0m  [1m[31mROLLBACK[0m
  [1m[35m (15.8ms)[0m  [1m[35mBEGIN[0m
  [1m[36mUser Exists? (0.3ms)[0m  [1m[34mSELECT 1 AS one FROM "users" WHERE "users"."email" IS NULL LIMIT $1[0m  [["LIMIT", 1]]
  [1m[35m (0.2ms)[0m  [1m[31mROLLBACK[0m
  [1m[35m (16.0ms)[0m  [1m[35mBEGIN[0m
  [1m[36mUser Exists? (0.3ms)[0m  [1m[34mSELECT 1 AS one FROM "users" WHERE "users"."email" IS NULL LIMIT $1[0m  [["LIMIT", 1]]
  [1m[35m (0.1ms)[0m  [1m[31mROLLBACK[0m
  [1m[35m (18.2ms)[0m  [1m[35mBEGIN[0m
  [1m[36mUser Exists? (0.3ms)[0m  [1m[34mSELECT 1 AS one FROM "users" WHERE "users"."email" IS NULL LIMIT $1[0m  [["LIMIT", 1]]
  [1m[35m (0.1ms)[0m  [1m[31mROLLBACK[0m
  [1m[35m (0.2ms)[0m  [1m[35mBEGIN[0m
  [1m[36mUser Exists? (0.3ms)[0m  [1m[34mSELECT 1 AS one FROM "users" WHERE "users"."email" IS NULL LIMIT $1[0m  [["LIMIT", 1]]
  [1m[35m (0.2ms)[0m  [1m[31mROLLBACK[0m
  [1m[36mUser Load (0.2ms)[0m  [1m[34mSELECT "users".* FROM "users"[0m
  [1m[36mOwner Load (0.5ms)[0m  [1m[34mSELECT "owners".* FROM "owners"[0m
  [1m[36mUser Load (0.7ms)[0m  [1m[34mSELECT "users".* FROM "users" LIMIT $1[0m  [["LIMIT", 11]]
  [1m[35m (1.0ms)[0m  [1m[34mSELECT "schema_migrations"."version" FROM "schema_migrations" ORDER BY "schema_migrations"."version" ASC[0m
  [1m[35m (1.4ms)[0m  [1m[34mSELECT "schema_migrations"."version" FROM "schema_migrations" ORDER BY "schema_migrations"."version" ASC[0m
  [1m[35m (0.2ms)[0m  [1m[35mBEGIN[0m
  [1m[36mUser Exists? (0.4ms)[0m  [1m[34mSELECT 1 AS one FROM "users" WHERE "users"."email" IS NULL LIMIT $1[0m  [["LIMIT", 1]]
  [1m[35m (0.2ms)[0m  [1m[31mROLLBACK[0m
  [1m[35m (2.1ms)[0m  [1m[35mBEGIN[0m
  [1m[36mUser Exists? (0.3ms)[0m  [1m[34mSELECT 1 AS one FROM "users" WHERE "users"."email" IS NULL LIMIT $1[0m  [["LIMIT", 1]]
  [1m[35m (0.2ms)[0m  [1m[31mROLLBACK[0m
  [1m[35m (13.9ms)[0m  [1m[35mBEGIN[0m
  [1m[36mUser Exists? (0.3ms)[0m  [1m[34mSELECT 1 AS one FROM "users" WHERE "users"."email" IS NULL LIMIT $1[0m  [["LIMIT", 1]]
  [1m[35m (0.2ms)[0m  [1m[31mROLLBACK[0m
  [1m[35m (7.7ms)[0m  [1m[35mBEGIN[0m
  [1m[36mUser Exists? (0.3ms)[0m  [1m[34mSELECT 1 AS one FROM "users" WHERE "users"."email" IS NULL LIMIT $1[0m  [["LIMIT", 1]]
  [1m[35m (0.4ms)[0m  [1m[31mROLLBACK[0m
  [1m[35m (3.0ms)[0m  [1m[35mBEGIN[0m
  [1m[36mUser Exists? (0.3ms)[0m  [1m[34mSELECT 1 AS one FROM "users" WHERE "users"."email" IS NULL LIMIT $1[0m  [["LIMIT", 1]]
  [1m[35m (0.1ms)[0m  [1m[31mROLLBACK[0m
  [1m[35m (6.1ms)[0m  [1m[35mBEGIN[0m
  [1m[36mUser Exists? (0.3ms)[0m  [1m[34mSELECT 1 AS one FROM "users" WHERE "users"."email" IS NULL LIMIT $1[0m  [["LIMIT", 1]]
  [1m[35m (0.2ms)[0m  [1m[31mROLLBACK[0m
  [1m[35m (9.3ms)[0m  [1m[35mBEGIN[0m
  [1m[36mUser Exists? (0.3ms)[0m  [1m[34mSELECT 1 AS one FROM "users" WHERE "users"."email" IS NULL LIMIT $1[0m  [["LIMIT", 1]]
  [1m[35m (0.2ms)[0m  [1m[31mROLLBACK[0m
  [1m[35m (13.3ms)[0m  [1m[35mBEGIN[0m
  [1m[36mUser Exists? (0.3ms)[0m  [1m[34mSELECT 1 AS one FROM "users" WHERE "users"."email" IS NULL LIMIT $1[0m  [["LIMIT", 1]]
  [1m[35m (0.2ms)[0m  [1m[31mROLLBACK[0m
  [1m[35m (11.2ms)[0m  [1m[35mBEGIN[0m
  [1m[36mUser Exists? (0.4ms)[0m  [1m[34mSELECT 1 AS one FROM "users" WHERE "users"."email" IS NULL LIMIT $1[0m  [["LIMIT", 1]]
  [1m[35m (0.2ms)[0m  [1m[31mROLLBACK[0m
  [1m[35m (0.1ms)[0m  [1m[35mBEGIN[0m
  [1m[36mUser Exists? (0.2ms)[0m  [1m[34mSELECT 1 AS one FROM "users" WHERE "users"."email" IS NULL LIMIT $1[0m  [["LIMIT", 1]]
  [1m[35m (0.2ms)[0m  [1m[31mROLLBACK[0m
  [1m[36mUser Load (0.3ms)[0m  [1m[34mSELECT "users".* FROM "users" LIMIT $1[0m  [["LIMIT", 11]]
  [1m[35m (0.7ms)[0m  [1m[34mSELECT "schema_migrations"."version" FROM "schema_migrations" ORDER BY "schema_migrations"."version" ASC[0m
  [1m[35m (16.2ms)[0m  [1m[35mBEGIN[0m
  [1m[36mUser Exists? (0.5ms)[0m  [1m[34mSELECT 1 AS one FROM "users" WHERE "users"."email" IS NULL LIMIT $1[0m  [["LIMIT", 1]]
  [1m[35m (0.1ms)[0m  [1m[31mROLLBACK[0m
  [1m[35m (0.2ms)[0m  [1m[35mBEGIN[0m
  [1m[36mUser Exists? (0.2ms)[0m  [1m[34mSELECT 1 AS one FROM "users" WHERE "users"."email" IS NULL LIMIT $1[0m  [["LIMIT", 1]]
  [1m[35m (0.1ms)[0m  [1m[31mROLLBACK[0m
  [1m[35m (0.1ms)[0m  [1m[35mBEGIN[0m
  [1m[36mUser Exists? (0.2ms)[0m  [1m[34mSELECT 1 AS one FROM "users" WHERE "users"."email" IS NULL LIMIT $1[0m  [["LIMIT", 1]]
  [1m[35m (0.1ms)[0m  [1m[31mROLLBACK[0m
  [1m[35m (0.1ms)[0m  [1m[35mBEGIN[0m
  [1m[36mUser Exists? (0.2ms)[0m  [1m[34mSELECT 1 AS one FROM "users" WHERE "users"."email" IS NULL LIMIT $1[0m  [["LIMIT", 1]]
  [1m[35m (0.2ms)[0m  [1m[31mROLLBACK[0m
  [1m[35m (0.1ms)[0m  [1m[35mBEGIN[0m
  [1m[36mUser Exists? (0.3ms)[0m  [1m[34mSELECT 1 AS one FROM "users" WHERE "users"."email" IS NULL LIMIT $1[0m  [["LIMIT", 1]]
  [1m[35m (0.1ms)[0m  [1m[31mROLLBACK[0m
  [1m[35m (23.3ms)[0m  [1m[35mBEGIN[0m
  [1m[36mUser Exists? (0.5ms)[0m  [1m[34mSELECT 1 AS one FROM "users" WHERE "users"."email" IS NULL LIMIT $1[0m  [["LIMIT", 1]]
  [1m[35m (0.2ms)[0m  [1m[31mROLLBACK[0m
  [1m[35m (0.2ms)[0m  [1m[35mBEGIN[0m
  [1m[36mUser Exists? (0.3ms)[0m  [1m[34mSELECT 1 AS one FROM "users" WHERE "users"."email" IS NULL LIMIT $1[0m  [["LIMIT", 1]]
  [1m[35m (0.1ms)[0m  [1m[31mROLLBACK[0m
  [1m[35m (0.1ms)[0m  [1m[35mBEGIN[0m
  [1m[36mUser Exists? (0.3ms)[0m  [1m[34mSELECT 1 AS one FROM "users" WHERE "users"."email" IS NULL LIMIT $1[0m  [["LIMIT", 1]]
  [1m[35m (0.2ms)[0m  [1m[31mROLLBACK[0m
  [1m[35m (0.1ms)[0m  [1m[35mBEGIN[0m
  [1m[36mUser Exists? (0.2ms)[0m  [1m[34mSELECT 1 AS one FROM "users" WHERE "users"."email" IS NULL LIMIT $1[0m  [["LIMIT", 1]]
  [1m[35m (15.2ms)[0m  [1m[31mROLLBACK[0m
  [1m[35m (0.2ms)[0m  [1m[35mBEGIN[0m
  [1m[36mUser Exists? (0.3ms)[0m  [1m[34mSELECT 1 AS one FROM "users" WHERE "users"."email" IS NULL LIMIT $1[0m  [["LIMIT", 1]]
  [1m[35m (0.1ms)[0m  [1m[31mROLLBACK[0m
  [1m[36mUser Load (0.3ms)[0m  [1m[34mSELECT "users".* FROM "users" LIMIT $1[0m  [["LIMIT", 11]]
  [1m[36mUser Load (0.9ms)[0m  [1m[34mSELECT "users".* FROM "users"[0m
  [1m[36mOwner Load (0.7ms)[0m  [1m[34mSELECT "owners".* FROM "owners"[0m
  [1m[35m (0.6ms)[0m  [1m[34mSELECT "schema_migrations"."version" FROM "schema_migrations" ORDER BY "schema_migrations"."version" ASC[0m
  [1m[35m (2.5ms)[0m  [1m[35mBEGIN[0m
  [1m[36mUser Exists? (0.5ms)[0m  [1m[34mSELECT 1 AS one FROM "users" WHERE "users"."email" IS NULL LIMIT $1[0m  [["LIMIT", 1]]
  [1m[35m (0.1ms)[0m  [1m[31mROLLBACK[0m
  [1m[35m (14.0ms)[0m  [1m[35mBEGIN[0m
  [1m[36mUser Exists? (0.2ms)[0m  [1m[34mSELECT 1 AS one FROM "users" WHERE "users"."email" IS NULL LIMIT $1[0m  [["LIMIT", 1]]
  [1m[35m (0.3ms)[0m  [1m[31mROLLBACK[0m
  [1m[35m (16.1ms)[0m  [1m[35mBEGIN[0m
  [1m[36mUser Exists? (0.2ms)[0m  [1m[34mSELECT 1 AS one FROM "users" WHERE "users"."email" IS NULL LIMIT $1[0m  [["LIMIT", 1]]
  [1m[35m (0.1ms)[0m  [1m[31mROLLBACK[0m
  [1m[35m (7.4ms)[0m  [1m[35mBEGIN[0m
  [1m[36mUser Exists? (0.3ms)[0m  [1m[34mSELECT 1 AS one FROM "users" WHERE "users"."email" IS NULL LIMIT $1[0m  [["LIMIT", 1]]
  [1m[35m (0.1ms)[0m  [1m[31mROLLBACK[0m
  [1m[35m (4.5ms)[0m  [1m[35mBEGIN[0m
  [1m[36mUser Exists? (0.2ms)[0m  [1m[34mSELECT 1 AS one FROM "users" WHERE "users"."email" IS NULL LIMIT $1[0m  [["LIMIT", 1]]
  [1m[35m (0.1ms)[0m  [1m[31mROLLBACK[0m
  [1m[35m (13.2ms)[0m  [1m[35mBEGIN[0m
  [1m[36mUser Exists? (0.2ms)[0m  [1m[34mSELECT 1 AS one FROM "users" WHERE "users"."email" IS NULL LIMIT $1[0m  [["LIMIT", 1]]
  [1m[35m (0.2ms)[0m  [1m[31mROLLBACK[0m
  [1m[35m (12.8ms)[0m  [1m[35mBEGIN[0m
  [1m[36mUser Exists? (0.2ms)[0m  [1m[34mSELECT 1 AS one FROM "users" WHERE "users"."email" IS NULL LIMIT $1[0m  [["LIMIT", 1]]
  [1m[35m (0.1ms)[0m  [1m[31mROLLBACK[0m
  [1m[35m (9.2ms)[0m  [1m[35mBEGIN[0m
  [1m[36mUser Exists? (0.3ms)[0m  [1m[34mSELECT 1 AS one FROM "users" WHERE "users"."email" IS NULL LIMIT $1[0m  [["LIMIT", 1]]
  [1m[35m (0.2ms)[0m  [1m[31mROLLBACK[0m
  [1m[35m (14.9ms)[0m  [1m[35mBEGIN[0m
  [1m[36mUser Exists? (0.2ms)[0m  [1m[34mSELECT 1 AS one FROM "users" WHERE "users"."email" IS NULL LIMIT $1[0m  [["LIMIT", 1]]
  [1m[35m (0.1ms)[0m  [1m[31mROLLBACK[0m
  [1m[35m (0.1ms)[0m  [1m[35mBEGIN[0m
  [1m[36mUser Exists? (0.2ms)[0m  [1m[34mSELECT 1 AS one FROM "users" WHERE "users"."email" IS NULL LIMIT $1[0m  [["LIMIT", 1]]
  [1m[35m (0.2ms)[0m  [1m[31mROLLBACK[0m
  [1m[36mUser Load (0.2ms)[0m  [1m[34mSELECT "users".* FROM "users"[0m
  [1m[36mOwner Load (0.4ms)[0m  [1m[34mSELECT "owners".* FROM "owners"[0m
  [1m[36mUser Load (0.5ms)[0m  [1m[34mSELECT "users".* FROM "users" LIMIT $1[0m  [["LIMIT", 11]]
  [1m[36mOwner Load (0.7ms)[0m  [1m[34mSELECT "owners".* FROM "owners" LIMIT $1[0m  [["LIMIT", 11]]
  [1m[36mBike Load (1.0ms)[0m  [1m[34mSELECT "bikes".* FROM "bikes" LIMIT $1[0m  [["LIMIT", 11]]
  [1m[35m (0.2ms)[0m  [1m[35mBEGIN[0m
  [1m[36mUser Exists? (0.3ms)[0m  [1m[34mSELECT 1 AS one FROM "users" WHERE "users"."email" IS NULL LIMIT $1[0m  [["LIMIT", 1]]
  [1m[35m (0.2ms)[0m  [1m[31mROLLBACK[0m
  [1m[35m (18.5ms)[0m  [1m[35mBEGIN[0m
  [1m[36mUser Exists? (0.4ms)[0m  [1m[34mSELECT 1 AS one FROM "users" WHERE "users"."email" IS NULL LIMIT $1[0m  [["LIMIT", 1]]
  [1m[35m (0.3ms)[0m  [1m[31mROLLBACK[0m
  [1m[35m (0.2ms)[0m  [1m[34mSELECT pg_try_advisory_lock(773160372149535930)[0m
  [1m[35m (0.7ms)[0m  [1m[34mSELECT "schema_migrations"."version" FROM "schema_migrations" ORDER BY "schema_migrations"."version" ASC[0m
  [1m[36mActiveRecord::InternalMetadata Load (0.6ms)[0m  [1m[34mSELECT "ar_internal_metadata".* FROM "ar_internal_metadata" WHERE "ar_internal_metadata"."key" = $1 LIMIT $2[0m  [["key", "environment"], ["LIMIT", 1]]
  [1m[35m (0.5ms)[0m  [1m[34mSELECT pg_advisory_unlock(773160372149535930)[0m
  [1m[35m (0.7ms)[0m  [1m[34mSELECT "schema_migrations"."version" FROM "schema_migrations" ORDER BY "schema_migrations"."version" ASC[0m
  [1m[35m (0.8ms)[0m  [1m[34mSELECT "schema_migrations"."version" FROM "schema_migrations" ORDER BY "schema_migrations"."version" ASC[0m
  [1m[35m (3.4ms)[0m  [1m[35mBEGIN[0m
  [1m[36mUser Exists? (0.6ms)[0m  [1m[34mSELECT 1 AS one FROM "users" WHERE "users"."email" IS NULL LIMIT $1[0m  [["LIMIT", 1]]
  [1m[35m (0.2ms)[0m  [1m[31mROLLBACK[0m
  [1m[35m (16.8ms)[0m  [1m[35mBEGIN[0m
  [1m[36mUser Exists? (0.3ms)[0m  [1m[34mSELECT 1 AS one FROM "users" WHERE "users"."email" IS NULL LIMIT $1[0m  [["LIMIT", 1]]
  [1m[35m (0.2ms)[0m  [1m[31mROLLBACK[0m
  [1m[35m (17.1ms)[0m  [1m[35mBEGIN[0m
  [1m[36mUser Exists? (0.3ms)[0m  [1m[34mSELECT 1 AS one FROM "users" WHERE "users"."email" IS NULL LIMIT $1[0m  [["LIMIT", 1]]
  [1m[35m (0.1ms)[0m  [1m[31mROLLBACK[0m
  [1m[35m (9.1ms)[0m  [1m[35mBEGIN[0m
  [1m[36mUser Exists? (0.3ms)[0m  [1m[34mSELECT 1 AS one FROM "users" WHERE "users"."email" IS NULL LIMIT $1[0m  [["LIMIT", 1]]
  [1m[35m (0.2ms)[0m  [1m[31mROLLBACK[0m
  [1m[35m (4.9ms)[0m  [1m[35mBEGIN[0m
  [1m[36mUser Exists? (0.4ms)[0m  [1m[34mSELECT 1 AS one FROM "users" WHERE "users"."email" IS NULL LIMIT $1[0m  [["LIMIT", 1]]
  [1m[35m (0.3ms)[0m  [1m[31mROLLBACK[0m
  [1m[35m (5.5ms)[0m  [1m[35mBEGIN[0m
  [1m[36mUser Exists? (0.2ms)[0m  [1m[34mSELECT 1 AS one FROM "users" WHERE "users"."email" IS NULL LIMIT $1[0m  [["LIMIT", 1]]
  [1m[35m (0.1ms)[0m  [1m[31mROLLBACK[0m
  [1m[35m (10.3ms)[0m  [1m[35mBEGIN[0m
  [1m[36mUser Exists? (0.3ms)[0m  [1m[34mSELECT 1 AS one FROM "users" WHERE "users"."email" IS NULL LIMIT $1[0m  [["LIMIT", 1]]
  [1m[35m (0.2ms)[0m  [1m[31mROLLBACK[0m
  [1m[35m (19.1ms)[0m  [1m[35mBEGIN[0m
  [1m[36mUser Exists? (0.3ms)[0m  [1m[34mSELECT 1 AS one FROM "users" WHERE "users"."email" IS NULL LIMIT $1[0m  [["LIMIT", 1]]
  [1m[35m (0.1ms)[0m  [1m[31mROLLBACK[0m
  [1m[35m (13.1ms)[0m  [1m[35mBEGIN[0m
  [1m[36mUser Exists? (0.3ms)[0m  [1m[34mSELECT 1 AS one FROM "users" WHERE "users"."email" IS NULL LIMIT $1[0m  [["LIMIT", 1]]
  [1m[35m (0.2ms)[0m  [1m[31mROLLBACK[0m
  [1m[35m (3.7ms)[0m  [1m[35mBEGIN[0m
  [1m[36mUser Exists? (0.3ms)[0m  [1m[34mSELECT 1 AS one FROM "users" WHERE "users"."email" IS NULL LIMIT $1[0m  [["LIMIT", 1]]
  [1m[35m (0.2ms)[0m  [1m[31mROLLBACK[0m
  [1m[36mUser Load (0.3ms)[0m  [1m[34mSELECT "users".* FROM "users"[0m
  [1m[36mOwner Load (0.5ms)[0m  [1m[34mSELECT "owners".* FROM "owners"[0m
  [1m[36mUser Load (0.8ms)[0m  [1m[34mSELECT "users".* FROM "users" LIMIT $1[0m  [["LIMIT", 11]]
  [1m[35m (0.6ms)[0m  [1m[34mSELECT "schema_migrations"."version" FROM "schema_migrations" ORDER BY "schema_migrations"."version" ASC[0m
  [1m[35m (0.3ms)[0m  [1m[34mSELECT "schema_migrations"."version" FROM "schema_migrations" ORDER BY "schema_migrations"."version" ASC[0m
  [1m[35m (0.2ms)[0m  [1m[34mSELECT "schema_migrations"."version" FROM "schema_migrations" ORDER BY "schema_migrations"."version" ASC[0m
  [1m[35m (0.2ms)[0m  [1m[34mSELECT pg_try_advisory_lock(773160372149535930)[0m
  [1m[35m (0.2ms)[0m  [1m[34mSELECT "schema_migrations"."version" FROM "schema_migrations" ORDER BY "schema_migrations"."version" ASC[0m
Migrating to CreateRenterPosts (20200426025944)
  [1m[35m (22.9ms)[0m  [1m[35mBEGIN[0m
  [1m[35m (4.3ms)[0m  [1m[35mDROP TABLE "renter_posts"[0m
  [1m[36mprimary::SchemaMigration Destroy (1.1ms)[0m  [1m[31mDELETE FROM "schema_migrations" WHERE "schema_migrations"."version" = $1[0m  [["version", "20200426025944"]]
  [1m[35m (11.4ms)[0m  [1m[35mCOMMIT[0m
  [1m[35m (24.5ms)[0m  [1m[34mSELECT pg_advisory_unlock(773160372149535930)[0m
  [1m[35m (0.6ms)[0m  [1m[34mSELECT "schema_migrations"."version" FROM "schema_migrations" ORDER BY "schema_migrations"."version" ASC[0m
  [1m[35m (0.6ms)[0m  [1m[34mSELECT "schema_migrations"."version" FROM "schema_migrations" ORDER BY "schema_migrations"."version" ASC[0m
  [1m[35m (0.3ms)[0m  [1m[34mSELECT "schema_migrations"."version" FROM "schema_migrations" ORDER BY "schema_migrations"."version" ASC[0m
  [1m[35m (0.2ms)[0m  [1m[34mSELECT "schema_migrations"."version" FROM "schema_migrations" ORDER BY "schema_migrations"."version" ASC[0m
  [1m[35m (0.2ms)[0m  [1m[34mSELECT pg_try_advisory_lock(773160372149535930)[0m
  [1m[35m (0.3ms)[0m  [1m[34mSELECT "schema_migrations"."version" FROM "schema_migrations" ORDER BY "schema_migrations"."version" ASC[0m
Migrating to CreatePosts (20200426025732)
  [1m[35m (0.2ms)[0m  [1m[35mBEGIN[0m
  [1m[35m (27.5ms)[0m  [1m[35mDROP TABLE "posts"[0m
  [1m[36mprimary::SchemaMigration Destroy (0.6ms)[0m  [1m[31mDELETE FROM "schema_migrations" WHERE "schema_migrations"."version" = $1[0m  [["version", "20200426025732"]]
  [1m[35m (6.4ms)[0m  [1m[35mCOMMIT[0m
  [1m[35m (0.3ms)[0m  [1m[34mSELECT pg_advisory_unlock(773160372149535930)[0m
  [1m[35m (0.7ms)[0m  [1m[34mSELECT "schema_migrations"."version" FROM "schema_migrations" ORDER BY "schema_migrations"."version" ASC[0m
  [1m[35m (0.6ms)[0m  [1m[34mSELECT "schema_migrations"."version" FROM "schema_migrations" ORDER BY "schema_migrations"."version" ASC[0m
  [1m[35m (0.3ms)[0m  [1m[34mSELECT "schema_migrations"."version" FROM "schema_migrations" ORDER BY "schema_migrations"."version" ASC[0m
  [1m[35m (0.2ms)[0m  [1m[34mSELECT "schema_migrations"."version" FROM "schema_migrations" ORDER BY "schema_migrations"."version" ASC[0m
  [1m[35m (0.1ms)[0m  [1m[34mSELECT pg_try_advisory_lock(773160372149535930)[0m
  [1m[35m (0.2ms)[0m  [1m[34mSELECT "schema_migrations"."version" FROM "schema_migrations" ORDER BY "schema_migrations"."version" ASC[0m
Migrating to CreateBikes (20200426025512)
  [1m[35m (0.3ms)[0m  [1m[35mBEGIN[0m
  [1m[35m (1.4ms)[0m  [1m[35mDROP TABLE "bikes"[0m
  [1m[36mprimary::SchemaMigration Destroy (24.3ms)[0m  [1m[31mDELETE FROM "schema_migrations" WHERE "schema_migrations"."version" = $1[0m  [["version", "20200426025512"]]
  [1m[35m (3.0ms)[0m  [1m[35mCOMMIT[0m
  [1m[35m (0.4ms)[0m  [1m[34mSELECT pg_advisory_unlock(773160372149535930)[0m
  [1m[35m (0.7ms)[0m  [1m[34mSELECT "schema_migrations"."version" FROM "schema_migrations" ORDER BY "schema_migrations"."version" ASC[0m
  [1m[35m (0.6ms)[0m  [1m[34mSELECT "schema_migrations"."version" FROM "schema_migrations" ORDER BY "schema_migrations"."version" ASC[0m
  [1m[35m (0.2ms)[0m  [1m[34mSELECT "schema_migrations"."version" FROM "schema_migrations" ORDER BY "schema_migrations"."version" ASC[0m
  [1m[35m (0.2ms)[0m  [1m[34mSELECT "schema_migrations"."version" FROM "schema_migrations" ORDER BY "schema_migrations"."version" ASC[0m
  [1m[35m (0.2ms)[0m  [1m[34mSELECT pg_try_advisory_lock(773160372149535930)[0m
  [1m[35m (0.2ms)[0m  [1m[34mSELECT "schema_migrations"."version" FROM "schema_migrations" ORDER BY "schema_migrations"."version" ASC[0m
Migrating to CreateRenters (20200426025348)
  [1m[35m (0.2ms)[0m  [1m[35mBEGIN[0m
  [1m[35m (1.7ms)[0m  [1m[35mDROP TABLE "renters"[0m
  [1m[36mprimary::SchemaMigration Destroy (23.9ms)[0m  [1m[31mDELETE FROM "schema_migrations" WHERE "schema_migrations"."version" = $1[0m  [["version", "20200426025348"]]
  [1m[35m (1.8ms)[0m  [1m[35mCOMMIT[0m
  [1m[35m (0.4ms)[0m  [1m[34mSELECT pg_advisory_unlock(773160372149535930)[0m
  [1m[35m (25.7ms)[0m  [1m[34mSELECT "schema_migrations"."version" FROM "schema_migrations" ORDER BY "schema_migrations"."version" ASC[0m
  [1m[35m (0.5ms)[0m  [1m[34mSELECT "schema_migrations"."version" FROM "schema_migrations" ORDER BY "schema_migrations"."version" ASC[0m
  [1m[35m (0.2ms)[0m  [1m[34mSELECT "schema_migrations"."version" FROM "schema_migrations" ORDER BY "schema_migrations"."version" ASC[0m
  [1m[35m (0.2ms)[0m  [1m[34mSELECT "schema_migrations"."version" FROM "schema_migrations" ORDER BY "schema_migrations"."version" ASC[0m
  [1m[35m (0.2ms)[0m  [1m[34mSELECT pg_try_advisory_lock(773160372149535930)[0m
  [1m[35m (0.2ms)[0m  [1m[34mSELECT "schema_migrations"."version" FROM "schema_migrations" ORDER BY "schema_migrations"."version" ASC[0m
Migrating to CreateOwners (20200426025251)
  [1m[35m (0.2ms)[0m  [1m[35mBEGIN[0m
  [1m[35m (27.0ms)[0m  [1m[35mDROP TABLE "owners"[0m
  [1m[36mprimary::SchemaMigration Destroy (0.8ms)[0m  [1m[31mDELETE FROM "schema_migrations" WHERE "schema_migrations"."version" = $1[0m  [["version", "20200426025251"]]
  [1m[35m (3.1ms)[0m  [1m[35mCOMMIT[0m
  [1m[35m (1.4ms)[0m  [1m[34mSELECT pg_advisory_unlock(773160372149535930)[0m
  [1m[35m (0.9ms)[0m  [1m[34mSELECT "schema_migrations"."version" FROM "schema_migrations" ORDER BY "schema_migrations"."version" ASC[0m
  [1m[35m (0.9ms)[0m  [1m[34mSELECT "schema_migrations"."version" FROM "schema_migrations" ORDER BY "schema_migrations"."version" ASC[0m
  [1m[35m (0.3ms)[0m  [1m[34mSELECT "schema_migrations"."version" FROM "schema_migrations" ORDER BY "schema_migrations"."version" ASC[0m
  [1m[35m (0.3ms)[0m  [1m[34mSELECT "schema_migrations"."version" FROM "schema_migrations" ORDER BY "schema_migrations"."version" ASC[0m
  [1m[35m (0.2ms)[0m  [1m[34mSELECT pg_try_advisory_lock(773160372149535930)[0m
  [1m[35m (0.3ms)[0m  [1m[34mSELECT "schema_migrations"."version" FROM "schema_migrations" ORDER BY "schema_migrations"."version" ASC[0m
Migrating to CreateUsers (20200426023954)
  [1m[35m (22.2ms)[0m  [1m[35mBEGIN[0m
  [1m[35m (1.5ms)[0m  [1m[35mDROP TABLE "users"[0m
  [1m[36mprimary::SchemaMigration Destroy (0.7ms)[0m  [1m[31mDELETE FROM "schema_migrations" WHERE "schema_migrations"."version" = $1[0m  [["version", "20200426023954"]]
  [1m[35m (4.6ms)[0m  [1m[35mCOMMIT[0m
  [1m[35m (0.4ms)[0m  [1m[34mSELECT pg_advisory_unlock(773160372149535930)[0m
  [1m[35m (0.7ms)[0m  [1m[34mSELECT "schema_migrations"."version" FROM "schema_migrations" ORDER BY "schema_migrations"."version" ASC[0m
  [1m[35m (0.8ms)[0m  [1m[34mSELECT "schema_migrations"."version" FROM "schema_migrations" ORDER BY "schema_migrations"."version" ASC[0m
  [1m[35m (0.3ms)[0m  [1m[34mSELECT "schema_migrations"."version" FROM "schema_migrations" ORDER BY "schema_migrations"."version" ASC[0m
  [1m[35m (0.2ms)[0m  [1m[34mSELECT "schema_migrations"."version" FROM "schema_migrations" ORDER BY "schema_migrations"."version" ASC[0m
  [1m[35m (0.2ms)[0m  [1m[34mSELECT pg_try_advisory_lock(773160372149535930)[0m
  [1m[35m (0.2ms)[0m  [1m[34mSELECT "schema_migrations"."version" FROM "schema_migrations" ORDER BY "schema_migrations"."version" ASC[0m
Migrating to CreateActiveStorageTables (20200426013739)
  [1m[35m (0.2ms)[0m  [1m[35mBEGIN[0m
  [1m[35m (28.5ms)[0m  [1m[35mDROP TABLE "active_storage_attachments"[0m
  [1m[35m (2.7ms)[0m  [1m[35mDROP TABLE "active_storage_blobs"[0m
  [1m[36mprimary::SchemaMigration Destroy (1.3ms)[0m  [1m[31mDELETE FROM "schema_migrations" WHERE "schema_migrations"."version" = $1[0m  [["version", "20200426013739"]]
  [1m[35m (6.5ms)[0m  [1m[35mCOMMIT[0m
  [1m[35m (0.4ms)[0m  [1m[34mSELECT pg_advisory_unlock(773160372149535930)[0m
  [1m[35m (0.9ms)[0m  [1m[34mSELECT "schema_migrations"."version" FROM "schema_migrations" ORDER BY "schema_migrations"."version" ASC[0m
  [1m[35m (0.7ms)[0m  [1m[34mSELECT "schema_migrations"."version" FROM "schema_migrations" ORDER BY "schema_migrations"."version" ASC[0m
  [1m[35m (0.2ms)[0m  [1m[34mSELECT "schema_migrations"."version" FROM "schema_migrations" ORDER BY "schema_migrations"."version" ASC[0m
  [1m[35m (0.2ms)[0m  [1m[34mSELECT pg_try_advisory_lock(773160372149535930)[0m
  [1m[35m (0.2ms)[0m  [1m[34mSELECT "schema_migrations"."version" FROM "schema_migrations" ORDER BY "schema_migrations"."version" ASC[0m
  [1m[35m (0.2ms)[0m  [1m[34mSELECT pg_advisory_unlock(773160372149535930)[0m
  [1m[35m (0.9ms)[0m  [1m[34mSELECT "schema_migrations"."version" FROM "schema_migrations" ORDER BY "schema_migrations"."version" ASC[0m
  [1m[35m (0.2ms)[0m  [1m[34mSELECT pg_try_advisory_lock(773160372149535930)[0m
  [1m[35m (0.6ms)[0m  [1m[34mSELECT "schema_migrations"."version" FROM "schema_migrations" ORDER BY "schema_migrations"."version" ASC[0m
Migrating to CreateActiveStorageTables (20200426013739)
  [1m[35m (0.2ms)[0m  [1m[35mBEGIN[0m
  [1m[35m (8.5ms)[0m  [1m[35mCREATE TABLE "active_storage_blobs" ("id" bigserial primary key, "key" character varying NOT NULL, "filename" character varying NOT NULL, "content_type" character varying, "metadata" text, "byte_size" bigint NOT NULL, "checksum" character varying NOT NULL, "created_at" timestamp NOT NULL)[0m
  [1m[35m (1.2ms)[0m  [1m[35mCREATE UNIQUE INDEX  "index_active_storage_blobs_on_key" ON "active_storage_blobs"  ("key")[0m
  [1m[35m (7.3ms)[0m  [1m[35mCREATE TABLE "active_storage_attachments" ("id" bigserial primary key, "name" character varying NOT NULL, "record_type" character varying NOT NULL, "record_id" bigint NOT NULL, "blob_id" bigint NOT NULL, "created_at" timestamp NOT NULL, CONSTRAINT "fk_rails_c3b3935057"
FOREIGN KEY ("blob_id")
  REFERENCES "active_storage_blobs" ("id")
)[0m
  [1m[35m (1.8ms)[0m  [1m[35mCREATE  INDEX  "index_active_storage_attachments_on_blob_id" ON "active_storage_attachments"  ("blob_id")[0m
  [1m[35m (3.0ms)[0m  [1m[35mCREATE UNIQUE INDEX  "index_active_storage_attachments_uniqueness" ON "active_storage_attachments"  ("record_type", "record_id", "name", "blob_id")[0m
  [1m[36mprimary::SchemaMigration Create (0.3ms)[0m  [1m[32mINSERT INTO "schema_migrations" ("version") VALUES ($1) RETURNING "version"[0m  [["version", "20200426013739"]]
  [1m[35m (0.7ms)[0m  [1m[35mCOMMIT[0m
Migrating to CreateUsers (20200426023954)
  [1m[35m (0.5ms)[0m  [1m[35mBEGIN[0m
  [1m[35m (12.9ms)[0m  [1m[35mCREATE TABLE "users" ("id" bigserial primary key, "first_name" character varying, "last_name" character varying, "email" character varying, "password_digest" character varying, "address" character varying, "city" character varying, "state" character varying, "zip_code" character varying, "phone_number" character varying, "created_at" timestamp(6) NOT NULL, "updated_at" timestamp(6) NOT NULL)[0m
  [1m[36mprimary::SchemaMigration Create (24.7ms)[0m  [1m[32mINSERT INTO "schema_migrations" ("version") VALUES ($1) RETURNING "version"[0m  [["version", "20200426023954"]]
  [1m[35m (0.6ms)[0m  [1m[35mCOMMIT[0m
Migrating to CreateOwners (20200426025251)
  [1m[35m (0.3ms)[0m  [1m[35mBEGIN[0m
  [1m[35m (3.2ms)[0m  [1m[35mCREATE TABLE "owners" ("id" bigserial primary key, "user_id" integer, "created_at" timestamp(6) NOT NULL, "updated_at" timestamp(6) NOT NULL)[0m
  [1m[36mprimary::SchemaMigration Create (2.1ms)[0m  [1m[32mINSERT INTO "schema_migrations" ("version") VALUES ($1) RETURNING "version"[0m  [["version", "20200426025251"]]
  [1m[35m (33.6ms)[0m  [1m[35mCOMMIT[0m
Migrating to CreateRenters (20200426025348)
  [1m[35m (3.7ms)[0m  [1m[35mBEGIN[0m
  [1m[35m (5.1ms)[0m  [1m[35mCREATE TABLE "renters" ("id" bigserial primary key, "user_id" integer, "created_at" timestamp(6) NOT NULL, "updated_at" timestamp(6) NOT NULL)[0m
  [1m[36mprimary::SchemaMigration Create (0.4ms)[0m  [1m[32mINSERT INTO "schema_migrations" ("version") VALUES ($1) RETURNING "version"[0m  [["version", "20200426025348"]]
  [1m[35m (0.5ms)[0m  [1m[35mCOMMIT[0m
Migrating to CreateBikes (20200426025512)
  [1m[35m (3.0ms)[0m  [1m[35mBEGIN[0m
  [1m[35m (28.9ms)[0m  [1m[35mCREATE TABLE "bikes" ("id" bigserial primary key, "owner_id" integer, "year" integer, "make" character varying, "model" character varying, "rating" integer, "bike_name" character varying, "category" character varying, "created_at" timestamp(6) NOT NULL, "updated_at" timestamp(6) NOT NULL)[0m
  [1m[36mprimary::SchemaMigration Create (0.4ms)[0m  [1m[32mINSERT INTO "schema_migrations" ("version") VALUES ($1) RETURNING "version"[0m  [["version", "20200426025512"]]
  [1m[35m (1.4ms)[0m  [1m[35mCOMMIT[0m
Migrating to CreatePosts (20200426025732)
  [1m[35m (0.6ms)[0m  [1m[35mBEGIN[0m
  [1m[35m (36.0ms)[0m  [1m[35mCREATE TABLE "posts" ("id" bigserial primary key, "owner_id" integer, "bike_id" integer, "price_per_day" integer, "description" text, "created_at" timestamp(6) NOT NULL, "updated_at" timestamp(6) NOT NULL)[0m
  [1m[36mprimary::SchemaMigration Create (0.3ms)[0m  [1m[32mINSERT INTO "schema_migrations" ("version") VALUES ($1) RETURNING "version"[0m  [["version", "20200426025732"]]
  [1m[35m (0.5ms)[0m  [1m[35mCOMMIT[0m
Migrating to CreateRenterPosts (20200426025944)
  [1m[35m (0.9ms)[0m  [1m[35mBEGIN[0m
  [1m[35m (8.2ms)[0m  [1m[35mCREATE TABLE "renter_posts" ("id" bigserial primary key, "renter_id" integer, "post_id" integer, "status" character varying, "created_at" timestamp(6) NOT NULL, "updated_at" timestamp(6) NOT NULL)[0m
  [1m[36mprimary::SchemaMigration Create (24.1ms)[0m  [1m[32mINSERT INTO "schema_migrations" ("version") VALUES ($1) RETURNING "version"[0m  [["version", "20200426025944"]]
  [1m[35m (0.6ms)[0m  [1m[35mCOMMIT[0m
  [1m[36mActiveRecord::InternalMetadata Load (0.5ms)[0m  [1m[34mSELECT "ar_internal_metadata".* FROM "ar_internal_metadata" WHERE "ar_internal_metadata"."key" = $1 LIMIT $2[0m  [["key", "environment"], ["LIMIT", 1]]
  [1m[35m (0.4ms)[0m  [1m[34mSELECT pg_advisory_unlock(773160372149535930)[0m
  [1m[35m (0.9ms)[0m  [1m[34mSELECT "schema_migrations"."version" FROM "schema_migrations" ORDER BY "schema_migrations"."version" ASC[0m
  [1m[35m (0.6ms)[0m  [1m[34mSELECT "schema_migrations"."version" FROM "schema_migrations" ORDER BY "schema_migrations"."version" ASC[0m
  [1m[35m (0.2ms)[0m  [1m[35mBEGIN[0m
  [1m[36mUser Exists? (0.6ms)[0m  [1m[34mSELECT 1 AS one FROM "users" WHERE "users"."email" IS NULL LIMIT $1[0m  [["LIMIT", 1]]
  [1m[35m (0.2ms)[0m  [1m[31mROLLBACK[0m
  [1m[35m (0.2ms)[0m  [1m[35mBEGIN[0m
  [1m[36mUser Exists? (0.2ms)[0m  [1m[34mSELECT 1 AS one FROM "users" WHERE "users"."email" IS NULL LIMIT $1[0m  [["LIMIT", 1]]
  [1m[35m (0.3ms)[0m  [1m[31mROLLBACK[0m
  [1m[35m (0.1ms)[0m  [1m[35mBEGIN[0m
  [1m[36mUser Exists? (0.3ms)[0m  [1m[34mSELECT 1 AS one FROM "users" WHERE "users"."email" IS NULL LIMIT $1[0m  [["LIMIT", 1]]
  [1m[35m (0.2ms)[0m  [1m[31mROLLBACK[0m
  [1m[35m (1.9ms)[0m  [1m[35mBEGIN[0m
  [1m[36mUser Exists? (0.3ms)[0m  [1m[34mSELECT 1 AS one FROM "users" WHERE "users"."email" IS NULL LIMIT $1[0m  [["LIMIT", 1]]
  [1m[35m (0.1ms)[0m  [1m[31mROLLBACK[0m
  [1m[35m (0.2ms)[0m  [1m[35mBEGIN[0m
  [1m[36mUser Exists? (0.2ms)[0m  [1m[34mSELECT 1 AS one FROM "users" WHERE "users"."email" IS NULL LIMIT $1[0m  [["LIMIT", 1]]
  [1m[35m (0.1ms)[0m  [1m[31mROLLBACK[0m
  [1m[35m (0.2ms)[0m  [1m[35mBEGIN[0m
  [1m[36mUser Exists? (0.2ms)[0m  [1m[34mSELECT 1 AS one FROM "users" WHERE "users"."email" IS NULL LIMIT $1[0m  [["LIMIT", 1]]
  [1m[35m (0.1ms)[0m  [1m[31mROLLBACK[0m
  [1m[35m (0.2ms)[0m  [1m[35mBEGIN[0m
  [1m[36mUser Exists? (25.4ms)[0m  [1m[34mSELECT 1 AS one FROM "users" WHERE "users"."email" IS NULL LIMIT $1[0m  [["LIMIT", 1]]
  [1m[35m (0.2ms)[0m  [1m[31mROLLBACK[0m
  [1m[35m (7.8ms)[0m  [1m[35mBEGIN[0m
  [1m[36mUser Exists? (0.3ms)[0m  [1m[34mSELECT 1 AS one FROM "users" WHERE "users"."email" IS NULL LIMIT $1[0m  [["LIMIT", 1]]
  [1m[35m (0.1ms)[0m  [1m[31mROLLBACK[0m
  [1m[35m (6.5ms)[0m  [1m[35mBEGIN[0m
  [1m[36mUser Exists? (0.3ms)[0m  [1m[34mSELECT 1 AS one FROM "users" WHERE "users"."email" IS NULL LIMIT $1[0m  [["LIMIT", 1]]
  [1m[35m (0.1ms)[0m  [1m[31mROLLBACK[0m
  [1m[35m (0.2ms)[0m  [1m[35mBEGIN[0m
  [1m[36mUser Exists? (0.2ms)[0m  [1m[34mSELECT 1 AS one FROM "users" WHERE "users"."email" IS NULL LIMIT $1[0m  [["LIMIT", 1]]
  [1m[35m (0.1ms)[0m  [1m[31mROLLBACK[0m
  [1m[36mUser Load (0.3ms)[0m  [1m[34mSELECT "users".* FROM "users"[0m
  [1m[36mOwner Load (0.5ms)[0m  [1m[34mSELECT "owners".* FROM "owners"[0m
  [1m[36mUser Load (0.4ms)[0m  [1m[34mSELECT "users".* FROM "users" LIMIT $1[0m  [["LIMIT", 11]]
  [1m[35m (0.2ms)[0m  [1m[35mBEGIN[0m
  [1m[36mUser Exists? (0.4ms)[0m  [1m[34mSELECT 1 AS one FROM "users" WHERE "users"."email" IS NULL LIMIT $1[0m  [["LIMIT", 1]]
  [1m[35m (0.2ms)[0m  [1m[31mROLLBACK[0m
  [1m[35m (0.4ms)[0m  [1m[35mBEGIN[0m
  [1m[36mUser Exists? (0.3ms)[0m  [1m[34mSELECT 1 AS one FROM "users" WHERE "users"."email" IS NULL LIMIT $1[0m  [["LIMIT", 1]]
  [1m[35m (0.3ms)[0m  [1m[31mROLLBACK[0m
  [1m[36mUser Load (0.3ms)[0m  [1m[34mSELECT "users".* FROM "users" ORDER BY "users"."id" ASC LIMIT $1[0m  [["LIMIT", 1]]
  [1m[36mUser Load (11.2ms)[0m  [1m[34mSELECT "users".* FROM "users" LIMIT $1[0m  [["LIMIT", 11]]
  [1m[35m (25.5ms)[0m  [1m[34mSELECT "schema_migrations"."version" FROM "schema_migrations" ORDER BY "schema_migrations"."version" ASC[0m
  [1m[35m (0.6ms)[0m  [1m[34mSELECT "schema_migrations"."version" FROM "schema_migrations" ORDER BY "schema_migrations"."version" ASC[0m
  [1m[36mUser Load (0.6ms)[0m  [1m[34mSELECT "users".* FROM "users"[0m
  [1m[36mOwner Load (0.6ms)[0m  [1m[34mSELECT "owners".* FROM "owners"[0m
  [1m[36mRenter Load (25.0ms)[0m  [1m[34mSELECT "renters".* FROM "renters"[0m
  [1m[36mBike Load (1.1ms)[0m  [1m[34mSELECT "bikes".* FROM "bikes"[0m
  [1m[35m (5.0ms)[0m  [1m[35mBEGIN[0m
  [1m[36mUser Exists? (0.5ms)[0m  [1m[34mSELECT 1 AS one FROM "users" WHERE "users"."email" = $1 LIMIT $2[0m  [["email", "Bruce.Cummerata@gmail.com"], ["LIMIT", 1]]
  [1m[36mUser Create (0.6ms)[0m  [1m[32mINSERT INTO "users" ("first_name", "last_name", "email", "password_digest", "address", "city", "state", "zip_code", "phone_number", "created_at", "updated_at") VALUES ($1, $2, $3, $4, $5, $6, $7, $8, $9, $10, $11) RETURNING "id"[0m  [["first_name", "Bruce"], ["last_name", "Cummerata"], ["email", "Bruce.Cummerata@gmail.com"], ["password_digest", "$2a$12$LRUIs9AjXJm.M.HDroOxZeta4ECYCGJr4nvW1Wzjr2QS7HugujTsK"], ["address", "5021 Moore Well"], ["city", "Collierhaven"], ["state", "NJ"], ["zip_code", "61436"], ["phone_number", "963.129.2364"], ["created_at", "2020-04-26 03:37:41.900277"], ["updated_at", "2020-04-26 03:37:41.900277"]]
  [1m[35m (0.5ms)[0m  [1m[35mCOMMIT[0m
  [1m[35m (13.9ms)[0m  [1m[35mBEGIN[0m
  [1m[36mUser Exists? (0.3ms)[0m  [1m[34mSELECT 1 AS one FROM "users" WHERE "users"."email" = $1 LIMIT $2[0m  [["email", "Jay.Rolfson@gmail.com"], ["LIMIT", 1]]
  [1m[36mUser Create (0.2ms)[0m  [1m[32mINSERT INTO "users" ("first_name", "last_name", "email", "password_digest", "address", "city", "state", "zip_code", "phone_number", "created_at", "updated_at") VALUES ($1, $2, $3, $4, $5, $6, $7, $8, $9, $10, $11) RETURNING "id"[0m  [["first_name", "Jay"], ["last_name", "Rolfson"], ["email", "Jay.Rolfson@gmail.com"], ["password_digest", "$2a$12$kwNDGhcX11JabHdqJfZCUeLD5cyF/dLSmcnhUoWcHs3/XqeEl6Pb6"], ["address", "4074 Matilde Keys"], ["city", "East Angelyn"], ["state", "VA"], ["zip_code", "69765-0689"], ["phone_number", "(457) 429-0891"], ["created_at", "2020-04-26 03:37:42.150000"], ["updated_at", "2020-04-26 03:37:42.150000"]]
  [1m[35m (0.8ms)[0m  [1m[35mCOMMIT[0m
  [1m[35m (11.2ms)[0m  [1m[35mBEGIN[0m
  [1m[36mUser Exists? (0.3ms)[0m  [1m[34mSELECT 1 AS one FROM "users" WHERE "users"."email" = $1 LIMIT $2[0m  [["email", "Freddie.Dietrich@gmail.com"], ["LIMIT", 1]]
  [1m[36mUser Create (0.3ms)[0m  [1m[32mINSERT INTO "users" ("first_name", "last_name", "email", "password_digest", "address", "city", "state", "zip_code", "phone_number", "created_at", "updated_at") VALUES ($1, $2, $3, $4, $5, $6, $7, $8, $9, $10, $11) RETURNING "id"[0m  [["first_name", "Freddie"], ["last_name", "Dietrich"], ["email", "Freddie.Dietrich@gmail.com"], ["password_digest", "$2a$12$Thosakb0HJRKfGpAcBtWO.zz2kCnKzCpykZsnUhE3ZBUm6cmhTFHq"], ["address", "1338 Boyer Stream"], ["city", "Schummfurt"], ["state", "NY"], ["zip_code", "95492-9950"], ["phone_number", "1-913-482-2793"], ["created_at", "2020-04-26 03:37:42.399917"], ["updated_at", "2020-04-26 03:37:42.399917"]]
  [1m[35m (0.8ms)[0m  [1m[35mCOMMIT[0m
  [1m[35m (16.9ms)[0m  [1m[35mBEGIN[0m
  [1m[36mUser Exists? (0.5ms)[0m  [1m[34mSELECT 1 AS one FROM "users" WHERE "users"."email" = $1 LIMIT $2[0m  [["email", "Nicolas.Thompson@gmail.com"], ["LIMIT", 1]]
  [1m[36mUser Create (0.3ms)[0m  [1m[32mINSERT INTO "users" ("first_name", "last_name", "email", "password_digest", "address", "city", "state", "zip_code", "phone_number", "created_at", "updated_at") VALUES ($1, $2, $3, $4, $5, $6, $7, $8, $9, $10, $11) RETURNING "id"[0m  [["first_name", "Nicolas"], ["last_name", "Thompson"], ["email", "Nicolas.Thompson@gmail.com"], ["password_digest", "$2a$12$gC4qgzrJA5X38A5JK/tl4.IoIdK5lQQ2cuDM595hwk1Ro6l463A9C"], ["address", "6863 Jeromy Village"], ["city", "Bahringerport"], ["state", "VA"], ["zip_code", "59727-9558"], ["phone_number", "(308) 637-1478"], ["created_at", "2020-04-26 03:37:42.650477"], ["updated_at", "2020-04-26 03:37:42.650477"]]
  [1m[35m (0.9ms)[0m  [1m[35mCOMMIT[0m
  [1m[35m (16.8ms)[0m  [1m[35mBEGIN[0m
  [1m[36mUser Exists? (0.4ms)[0m  [1m[34mSELECT 1 AS one FROM "users" WHERE "users"."email" = $1 LIMIT $2[0m  [["email", "Leslee.Larson@gmail.com"], ["LIMIT", 1]]
  [1m[36mUser Create (0.3ms)[0m  [1m[32mINSERT INTO "users" ("first_name", "last_name", "email", "password_digest", "address", "city", "state", "zip_code", "phone_number", "created_at", "updated_at") VALUES ($1, $2, $3, $4, $5, $6, $7, $8, $9, $10, $11) RETURNING "id"[0m  [["first_name", "Leslee"], ["last_name", "Larson"], ["email", "Leslee.Larson@gmail.com"], ["password_digest", "$2a$12$u155YKNkeqbtqjWqRf8fAejlBi0EJIAabCOVqmtbXjGfaOYZAw/SS"], ["address", "627 Schiller Station"], ["city", "Goodwinmouth"], ["state", "MS"], ["zip_code", "40051"], ["phone_number", "512.484.2716"], ["created_at", "2020-04-26 03:37:42.900266"], ["updated_at", "2020-04-26 03:37:42.900266"]]
  [1m[35m (0.8ms)[0m  [1m[35mCOMMIT[0m
  [1m[35m (0.2ms)[0m  [1m[35mBEGIN[0m
  [1m[36mUser Exists? (0.3ms)[0m  [1m[34mSELECT 1 AS one FROM "users" WHERE "users"."email" = $1 LIMIT $2[0m  [["email", "Vonnie.Sauer@gmail.com"], ["LIMIT", 1]]
  [1m[36mUser Create (0.3ms)[0m  [1m[32mINSERT INTO "users" ("first_name", "last_name", "email", "password_digest", "address", "city", "state", "zip_code", "phone_number", "created_at", "updated_at") VALUES ($1, $2, $3, $4, $5, $6, $7, $8, $9, $10, $11) RETURNING "id"[0m  [["first_name", "Vonnie"], ["last_name", "Sauer"], ["email", "Vonnie.Sauer@gmail.com"], ["password_digest", "$2a$12$g90uSRUNd5/EiF.Xeft1..SHXorJUyq076rTU3YAEmLIEmD2zLK4i"], ["address", "31015 Hoeger Cove"], ["city", "Port Johnsonland"], ["state", "NM"], ["zip_code", "62203-0373"], ["phone_number", "565-056-0876"], ["created_at", "2020-04-26 03:37:43.151701"], ["updated_at", "2020-04-26 03:37:43.151701"]]
  [1m[35m (0.7ms)[0m  [1m[35mCOMMIT[0m
  [1m[35m (0.2ms)[0m  [1m[35mBEGIN[0m
  [1m[36mUser Exists? (0.3ms)[0m  [1m[34mSELECT 1 AS one FROM "users" WHERE "users"."email" = $1 LIMIT $2[0m  [["email", "Boris.Schroeder@gmail.com"], ["LIMIT", 1]]
  [1m[36mUser Create (0.3ms)[0m  [1m[32mINSERT INTO "users" ("first_name", "last_name", "email", "password_digest", "address", "city", "state", "zip_code", "phone_number", "created_at", "updated_at") VALUES ($1, $2, $3, $4, $5, $6, $7, $8, $9, $10, $11) RETURNING "id"[0m  [["first_name", "Boris"], ["last_name", "Schroeder"], ["email", "Boris.Schroeder@gmail.com"], ["password_digest", "$2a$12$0t4Ku3OiAcy7070S8WeSJeMd/Al6h2nWXb0WbpB.BEgLfp5gp1FG2"], ["address", "512 Geoffrey Path"], ["city", "New Irvin"], ["state", "AK"], ["zip_code", "63304-4803"], ["phone_number", "1-267-470-6234"], ["created_at", "2020-04-26 03:37:43.401888"], ["updated_at", "2020-04-26 03:37:43.401888"]]
  [1m[35m (0.9ms)[0m  [1m[35mCOMMIT[0m
  [1m[35m (8.8ms)[0m  [1m[35mBEGIN[0m
  [1m[36mUser Exists? (0.3ms)[0m  [1m[34mSELECT 1 AS one FROM "users" WHERE "users"."email" = $1 LIMIT $2[0m  [["email", "Wayne.Wolff@gmail.com"], ["LIMIT", 1]]
  [1m[36mUser Create (0.2ms)[0m  [1m[32mINSERT INTO "users" ("first_name", "last_name", "email", "password_digest", "address", "city", "state", "zip_code", "phone_number", "created_at", "updated_at") VALUES ($1, $2, $3, $4, $5, $6, $7, $8, $9, $10, $11) RETURNING "id"[0m  [["first_name", "Wayne"], ["last_name", "Wolff"], ["email", "Wayne.Wolff@gmail.com"], ["password_digest", "$2a$12$Oh6.emq2RUVrBkRMfpNKX.LQzH8wHl7qYxWqhX5ZByMA0xj6F8//u"], ["address", "6298 Dietrich Avenue"], ["city", "North Arden"], ["state", "VA"], ["zip_code", "89774"], ["phone_number", "1-310-825-4434"], ["created_at", "2020-04-26 03:37:43.649772"], ["updated_at", "2020-04-26 03:37:43.649772"]]
  [1m[35m (0.8ms)[0m  [1m[35mCOMMIT[0m
  [1m[35m (14.6ms)[0m  [1m[35mBEGIN[0m
  [1m[36mUser Exists? (0.4ms)[0m  [1m[34mSELECT 1 AS one FROM "users" WHERE "users"."email" = $1 LIMIT $2[0m  [["email", "Juan.Batz@gmail.com"], ["LIMIT", 1]]
  [1m[36mUser Create (1.3ms)[0m  [1m[32mINSERT INTO "users" ("first_name", "last_name", "email", "password_digest", "address", "city", "state", "zip_code", "phone_number", "created_at", "updated_at") VALUES ($1, $2, $3, $4, $5, $6, $7, $8, $9, $10, $11) RETURNING "id"[0m  [["first_name", "Juan"], ["last_name", "Batz"], ["email", "Juan.Batz@gmail.com"], ["password_digest", "$2a$12$HI2wDpx2X9k17CCKBRXWY.BNUDQZJOPAW84t8XU3dJvPGQmKIiqFi"], ["address", "306 Hallie Park"], ["city", "Port Winfordland"], ["state", "MS"], ["zip_code", "21827-2275"], ["phone_number", "(136) 739-0503"], ["created_at", "2020-04-26 03:37:43.900418"], ["updated_at", "2020-04-26 03:37:43.900418"]]
  [1m[35m (0.6ms)[0m  [1m[35mCOMMIT[0m
  [1m[35m (5.0ms)[0m  [1m[35mBEGIN[0m
  [1m[36mUser Exists? (0.3ms)[0m  [1m[34mSELECT 1 AS one FROM "users" WHERE "users"."email" = $1 LIMIT $2[0m  [["email", "Venice.Berge@gmail.com"], ["LIMIT", 1]]
  [1m[36mUser Create (0.4ms)[0m  [1m[32mINSERT INTO "users" ("first_name", "last_name", "email", "password_digest", "address", "city", "state", "zip_code", "phone_number", "created_at", "updated_at") VALUES ($1, $2, $3, $4, $5, $6, $7, $8, $9, $10, $11) RETURNING "id"[0m  [["first_name", "Venice"], ["last_name", "Berge"], ["email", "Venice.Berge@gmail.com"], ["password_digest", "$2a$12$fq9hu9BNEAG5GeYeNcu32e8tF0yrpYLS36i7jTuuwKiBaxgm02/de"], ["address", "7770 Sanora Estates"], ["city", "Parkerfort"], ["state", "DE"], ["zip_code", "50787"], ["phone_number", "187-148-0191"], ["created_at", "2020-04-26 03:37:44.153997"], ["updated_at", "2020-04-26 03:37:44.153997"]]
  [1m[35m (0.8ms)[0m  [1m[35mCOMMIT[0m
  [1m[36mUser Load (0.3ms)[0m  [1m[34mSELECT "users".* FROM "users"[0m
  [1m[35m (2.3ms)[0m  [1m[35mBEGIN[0m
  [1m[36mUser Load (1.0ms)[0m  [1m[34mSELECT "users".* FROM "users" WHERE "users"."id" = $1 LIMIT $2[0m  [["id", 1], ["LIMIT", 1]]
  [1m[36mOwner Create (0.5ms)[0m  [1m[32mINSERT INTO "owners" ("user_id", "created_at", "updated_at") VALUES ($1, $2, $3) RETURNING "id"[0m  [["user_id", 1], ["created_at", "2020-04-26 03:37:44.204708"], ["updated_at", "2020-04-26 03:37:44.204708"]]
  [1m[35m (0.5ms)[0m  [1m[35mCOMMIT[0m
  [1m[35m (0.1ms)[0m  [1m[35mBEGIN[0m
  [1m[36mUser Load (0.3ms)[0m  [1m[34mSELECT "users".* FROM "users" WHERE "users"."id" = $1 LIMIT $2[0m  [["id", 1], ["LIMIT", 1]]
  [1m[36mRenter Create (22.9ms)[0m  [1m[32mINSERT INTO "renters" ("user_id", "created_at", "updated_at") VALUES ($1, $2, $3) RETURNING "id"[0m  [["user_id", 1], ["created_at", "2020-04-26 03:37:44.224958"], ["updated_at", "2020-04-26 03:37:44.224958"]]
  [1m[35m (0.4ms)[0m  [1m[35mCOMMIT[0m
  [1m[35m (0.1ms)[0m  [1m[35mBEGIN[0m
  [1m[36mUser Load (16.9ms)[0m  [1m[34mSELECT "users".* FROM "users" WHERE "users"."id" = $1 LIMIT $2[0m  [["id", 2], ["LIMIT", 1]]
  [1m[36mOwner Create (0.4ms)[0m  [1m[32mINSERT INTO "owners" ("user_id", "created_at", "updated_at") VALUES ($1, $2, $3) RETURNING "id"[0m  [["user_id", 2], ["created_at", "2020-04-26 03:37:44.299369"], ["updated_at", "2020-04-26 03:37:44.299369"]]
  [1m[35m (0.5ms)[0m  [1m[35mCOMMIT[0m
  [1m[35m (0.1ms)[0m  [1m[35mBEGIN[0m
  [1m[36mUser Load (0.3ms)[0m  [1m[34mSELECT "users".* FROM "users" WHERE "users"."id" = $1 LIMIT $2[0m  [["id", 2], ["LIMIT", 1]]
  [1m[36mRenter Create (0.3ms)[0m  [1m[32mINSERT INTO "renters" ("user_id", "created_at", "updated_at") VALUES ($1, $2, $3) RETURNING "id"[0m  [["user_id", 2], ["created_at", "2020-04-26 03:37:44.306015"], ["updated_at", "2020-04-26 03:37:44.306015"]]
  [1m[35m (0.5ms)[0m  [1m[35mCOMMIT[0m
  [1m[35m (0.1ms)[0m  [1m[35mBEGIN[0m
  [1m[36mUser Load (0.3ms)[0m  [1m[34mSELECT "users".* FROM "users" WHERE "users"."id" = $1 LIMIT $2[0m  [["id", 3], ["LIMIT", 1]]
  [1m[36mOwner Create (0.3ms)[0m  [1m[32mINSERT INTO "owners" ("user_id", "created_at", "updated_at") VALUES ($1, $2, $3) RETURNING "id"[0m  [["user_id", 3], ["created_at", "2020-04-26 03:37:44.312372"], ["updated_at", "2020-04-26 03:37:44.312372"]]
  [1m[35m (0.5ms)[0m  [1m[35mCOMMIT[0m
  [1m[35m (0.2ms)[0m  [1m[35mBEGIN[0m
  [1m[36mUser Load (0.2ms)[0m  [1m[34mSELECT "users".* FROM "users" WHERE "users"."id" = $1 LIMIT $2[0m  [["id", 3], ["LIMIT", 1]]
  [1m[36mRenter Create (2.1ms)[0m  [1m[32mINSERT INTO "renters" ("user_id", "created_at", "updated_at") VALUES ($1, $2, $3) RETURNING "id"[0m  [["user_id", 3], ["created_at", "2020-04-26 03:37:44.318379"], ["updated_at", "2020-04-26 03:37:44.318379"]]
  [1m[35m (0.5ms)[0m  [1m[35mCOMMIT[0m
  [1m[35m (23.7ms)[0m  [1m[35mBEGIN[0m
  [1m[36mUser Load (0.6ms)[0m  [1m[34mSELECT "users".* FROM "users" WHERE "users"."id" = $1 LIMIT $2[0m  [["id", 4], ["LIMIT", 1]]
  [1m[36mOwner Create (0.4ms)[0m  [1m[32mINSERT INTO "owners" ("user_id", "created_at", "updated_at") VALUES ($1, $2, $3) RETURNING "id"[0m  [["user_id", 4], ["created_at", "2020-04-26 03:37:44.351603"], ["updated_at", "2020-04-26 03:37:44.351603"]]
  [1m[35m (0.4ms)[0m  [1m[35mCOMMIT[0m
  [1m[35m (0.1ms)[0m  [1m[35mBEGIN[0m
  [1m[36mUser Load (0.2ms)[0m  [1m[34mSELECT "users".* FROM "users" WHERE "users"."id" = $1 LIMIT $2[0m  [["id", 4], ["LIMIT", 1]]
  [1m[36mRenter Create (0.4ms)[0m  [1m[32mINSERT INTO "renters" ("user_id", "created_at", "updated_at") VALUES ($1, $2, $3) RETURNING "id"[0m  [["user_id", 4], ["created_at", "2020-04-26 03:37:44.358323"], ["updated_at", "2020-04-26 03:37:44.358323"]]
  [1m[35m (0.5ms)[0m  [1m[35mCOMMIT[0m
  [1m[35m (0.1ms)[0m  [1m[35mBEGIN[0m
  [1m[36mUser Load (0.2ms)[0m  [1m[34mSELECT "users".* FROM "users" WHERE "users"."id" = $1 LIMIT $2[0m  [["id", 5], ["LIMIT", 1]]
  [1m[36mOwner Create (0.3ms)[0m  [1m[32mINSERT INTO "owners" ("user_id", "created_at", "updated_at") VALUES ($1, $2, $3) RETURNING "id"[0m  [["user_id", 5], ["created_at", "2020-04-26 03:37:44.364799"], ["updated_at", "2020-04-26 03:37:44.364799"]]
  [1m[35m (0.4ms)[0m  [1m[35mCOMMIT[0m
  [1m[35m (0.1ms)[0m  [1m[35mBEGIN[0m
  [1m[36mUser Load (0.2ms)[0m  [1m[34mSELECT "users".* FROM "users" WHERE "users"."id" = $1 LIMIT $2[0m  [["id", 5], ["LIMIT", 1]]
  [1m[36mRenter Create (0.3ms)[0m  [1m[32mINSERT INTO "renters" ("user_id", "created_at", "updated_at") VALUES ($1, $2, $3) RETURNING "id"[0m  [["user_id", 5], ["created_at", "2020-04-26 03:37:44.370650"], ["updated_at", "2020-04-26 03:37:44.370650"]]
  [1m[35m (0.4ms)[0m  [1m[35mCOMMIT[0m
  [1m[35m (24.0ms)[0m  [1m[35mBEGIN[0m
  [1m[36mUser Load (0.2ms)[0m  [1m[34mSELECT "users".* FROM "users" WHERE "users"."id" = $1 LIMIT $2[0m  [["id", 6], ["LIMIT", 1]]
  [1m[36mOwner Create (0.3ms)[0m  [1m[32mINSERT INTO "owners" ("user_id", "created_at", "updated_at") VALUES ($1, $2, $3) RETURNING "id"[0m  [["user_id", 6], ["created_at", "2020-04-26 03:37:44.400138"], ["updated_at", "2020-04-26 03:37:44.400138"]]
  [1m[35m (0.4ms)[0m  [1m[35mCOMMIT[0m
  [1m[35m (0.2ms)[0m  [1m[35mBEGIN[0m
  [1m[36mUser Load (0.2ms)[0m  [1m[34mSELECT "users".* FROM "users" WHERE "users"."id" = $1 LIMIT $2[0m  [["id", 6], ["LIMIT", 1]]
  [1m[36mRenter Create (0.6ms)[0m  [1m[32mINSERT INTO "renters" ("user_id", "created_at", "updated_at") VALUES ($1, $2, $3) RETURNING "id"[0m  [["user_id", 6], ["created_at", "2020-04-26 03:37:44.406410"], ["updated_at", "2020-04-26 03:37:44.406410"]]
  [1m[35m (0.5ms)[0m  [1m[35mCOMMIT[0m
  [1m[35m (0.2ms)[0m  [1m[35mBEGIN[0m
  [1m[36mUser Load (0.2ms)[0m  [1m[34mSELECT "users".* FROM "users" WHERE "users"."id" = $1 LIMIT $2[0m  [["id", 7], ["LIMIT", 1]]
  [1m[36mOwner Create (0.3ms)[0m  [1m[32mINSERT INTO "owners" ("user_id", "created_at", "updated_at") VALUES ($1, $2, $3) RETURNING "id"[0m  [["user_id", 7], ["created_at", "2020-04-26 03:37:44.412842"], ["updated_at", "2020-04-26 03:37:44.412842"]]
  [1m[35m (0.4ms)[0m  [1m[35mCOMMIT[0m
  [1m[35m (0.1ms)[0m  [1m[35mBEGIN[0m
  [1m[36mUser Load (0.2ms)[0m  [1m[34mSELECT "users".* FROM "users" WHERE "users"."id" = $1 LIMIT $2[0m  [["id", 7], ["LIMIT", 1]]
  [1m[36mRenter Create (0.3ms)[0m  [1m[32mINSERT INTO "renters" ("user_id", "created_at", "updated_at") VALUES ($1, $2, $3) RETURNING "id"[0m  [["user_id", 7], ["created_at", "2020-04-26 03:37:44.418709"], ["updated_at", "2020-04-26 03:37:44.418709"]]
  [1m[35m (0.5ms)[0m  [1m[35mCOMMIT[0m
  [1m[35m (0.1ms)[0m  [1m[35mBEGIN[0m
  [1m[36mUser Load (24.4ms)[0m  [1m[34mSELECT "users".* FROM "users" WHERE "users"."id" = $1 LIMIT $2[0m  [["id", 8], ["LIMIT", 1]]
  [1m[36mOwner Create (0.4ms)[0m  [1m[32mINSERT INTO "owners" ("user_id", "created_at", "updated_at") VALUES ($1, $2, $3) RETURNING "id"[0m  [["user_id", 8], ["created_at", "2020-04-26 03:37:44.449177"], ["updated_at", "2020-04-26 03:37:44.449177"]]
  [1m[35m (0.4ms)[0m  [1m[35mCOMMIT[0m
  [1m[35m (0.1ms)[0m  [1m[35mBEGIN[0m
  [1m[36mUser Load (0.2ms)[0m  [1m[34mSELECT "users".* FROM "users" WHERE "users"."id" = $1 LIMIT $2[0m  [["id", 8], ["LIMIT", 1]]
  [1m[36mRenter Create (0.3ms)[0m  [1m[32mINSERT INTO "renters" ("user_id", "created_at", "updated_at") VALUES ($1, $2, $3) RETURNING "id"[0m  [["user_id", 8], ["created_at", "2020-04-26 03:37:44.455776"], ["updated_at", "2020-04-26 03:37:44.455776"]]
  [1m[35m (0.5ms)[0m  [1m[35mCOMMIT[0m
  [1m[35m (0.1ms)[0m  [1m[35mBEGIN[0m
  [1m[36mUser Load (0.2ms)[0m  [1m[34mSELECT "users".* FROM "users" WHERE "users"."id" = $1 LIMIT $2[0m  [["id", 9], ["LIMIT", 1]]
  [1m[36mOwner Create (0.3ms)[0m  [1m[32mINSERT INTO "owners" ("user_id", "created_at", "updated_at") VALUES ($1, $2, $3) RETURNING "id"[0m  [["user_id", 9], ["created_at", "2020-04-26 03:37:44.461908"], ["updated_at", "2020-04-26 03:37:44.461908"]]
  [1m[35m (0.4ms)[0m  [1m[35mCOMMIT[0m
  [1m[35m (0.2ms)[0m  [1m[35mBEGIN[0m
  [1m[36mUser Load (0.2ms)[0m  [1m[34mSELECT "users".* FROM "users" WHERE "users"."id" = $1 LIMIT $2[0m  [["id", 9], ["LIMIT", 1]]
  [1m[36mRenter Create (0.3ms)[0m  [1m[32mINSERT INTO "renters" ("user_id", "created_at", "updated_at") VALUES ($1, $2, $3) RETURNING "id"[0m  [["user_id", 9], ["created_at", "2020-04-26 03:37:44.467600"], ["updated_at", "2020-04-26 03:37:44.467600"]]
  [1m[35m (0.4ms)[0m  [1m[35mCOMMIT[0m
  [1m[35m (0.2ms)[0m  [1m[35mBEGIN[0m
  [1m[36mUser Load (0.2ms)[0m  [1m[34mSELECT "users".* FROM "users" WHERE "users"."id" = $1 LIMIT $2[0m  [["id", 10], ["LIMIT", 1]]
  [1m[36mOwner Create (24.1ms)[0m  [1m[32mINSERT INTO "owners" ("user_id", "created_at", "updated_at") VALUES ($1, $2, $3) RETURNING "id"[0m  [["user_id", 10], ["created_at", "2020-04-26 03:37:44.473544"], ["updated_at", "2020-04-26 03:37:44.473544"]]
  [1m[35m (0.5ms)[0m  [1m[35mCOMMIT[0m
  [1m[35m (0.1ms)[0m  [1m[35mBEGIN[0m
  [1m[36mUser Load (0.2ms)[0m  [1m[34mSELECT "users".* FROM "users" WHERE "users"."id" = $1 LIMIT $2[0m  [["id", 10], ["LIMIT", 1]]
  [1m[36mRenter Create (0.3ms)[0m  [1m[32mINSERT INTO "renters" ("user_id", "created_at", "updated_at") VALUES ($1, $2, $3) RETURNING "id"[0m  [["user_id", 10], ["created_at", "2020-04-26 03:37:44.503890"], ["updated_at", "2020-04-26 03:37:44.503890"]]
  [1m[35m (0.5ms)[0m  [1m[35mCOMMIT[0m
  [1m[36mOwner Load (0.3ms)[0m  [1m[34mSELECT "owners".* FROM "owners"[0m
  [1m[35m (0.2ms)[0m  [1m[35mBEGIN[0m
  [1m[36mOwner Load (0.2ms)[0m  [1m[34mSELECT "owners".* FROM "owners" WHERE "owners"."id" = $1 LIMIT $2[0m  [["id", 1], ["LIMIT", 1]]
  [1m[36mBike Create (25.2ms)[0m  [1m[32mINSERT INTO "bikes" ("owner_id", "year", "make", "model", "rating", "bike_name", "category", "created_at", "updated_at") VALUES ($1, $2, $3, $4, $5, $6, $7, $8, $9) RETURNING "id"[0m  [["owner_id", 1], ["year", 2012], ["make", "Husqvarna"], ["model", "Sorelia"], ["rating", 3], ["bike_name", "Nice Fire Rod"], ["category", "Sport Touring"], ["created_at", "2020-04-26 03:37:44.522592"], ["updated_at", "2020-04-26 03:37:44.522592"]]
  [1m[35m (0.5ms)[0m  [1m[35mCOMMIT[0m
  [1m[36mBike Load (0.2ms)[0m  [1m[34mSELECT "bikes".* FROM "bikes" ORDER BY "bikes"."id" DESC LIMIT $1[0m  [["LIMIT", 1]]
  [1m[35m (0.2ms)[0m  [1m[35mBEGIN[0m
  [1m[36mBike Load (0.2ms)[0m  [1m[34mSELECT "bikes".* FROM "bikes" WHERE "bikes"."id" = $1 LIMIT $2[0m  [["id", 1], ["LIMIT", 1]]
  [1m[36mOwner Load (0.5ms)[0m  [1m[34mSELECT "owners".* FROM "owners" WHERE "owners"."id" = $1 LIMIT $2[0m  [["id", 1], ["LIMIT", 1]]
  [1m[36mPost Create (24.4ms)[0m  [1m[32mINSERT INTO "posts" ("owner_id", "bike_id", "price_per_day", "description", "created_at", "updated_at") VALUES ($1, $2, $3, $4, $5, $6) RETURNING "id"[0m  [["owner_id", 1], ["bike_id", 1], ["price_per_day", 177], ["description", "Beatae architecto earum soluta accusantium."], ["created_at", "2020-04-26 03:37:44.573976"], ["updated_at", "2020-04-26 03:37:44.573976"]]
  [1m[35m (0.5ms)[0m  [1m[35mCOMMIT[0m
  [1m[35m (0.2ms)[0m  [1m[35mBEGIN[0m
  [1m[36mOwner Load (0.2ms)[0m  [1m[34mSELECT "owners".* FROM "owners" WHERE "owners"."id" = $1 LIMIT $2[0m  [["id", 2], ["LIMIT", 1]]
  [1m[36mBike Create (0.3ms)[0m  [1m[32mINSERT INTO "bikes" ("owner_id", "year", "make", "model", "rating", "bike_name", "category", "created_at", "updated_at") VALUES ($1, $2, $3, $4, $5, $6, $7, $8, $9) RETURNING "id"[0m  [["owner_id", 2], ["year", 1997], ["make", "Vespa"], ["model", "Golden Chief Cylos"], ["rating", 4], ["bike_name", "Ice Arrow"], ["category", "Scooter"], ["created_at", "2020-04-26 03:37:44.605274"], ["updated_at", "2020-04-26 03:37:44.605274"]]
  [1m[35m (0.5ms)[0m  [1m[35mCOMMIT[0m
  [1m[36mBike Load (0.3ms)[0m  [1m[34mSELECT "bikes".* FROM "bikes" ORDER BY "bikes"."id" DESC LIMIT $1[0m  [["LIMIT", 1]]
  [1m[35m (0.1ms)[0m  [1m[35mBEGIN[0m
  [1m[36mBike Load (0.2ms)[0m  [1m[34mSELECT "bikes".* FROM "bikes" WHERE "bikes"."id" = $1 LIMIT $2[0m  [["id", 2], ["LIMIT", 1]]
  [1m[36mOwner Load (0.2ms)[0m  [1m[34mSELECT "owners".* FROM "owners" WHERE "owners"."id" = $1 LIMIT $2[0m  [["id", 2], ["LIMIT", 1]]
  [1m[36mPost Create (0.3ms)[0m  [1m[32mINSERT INTO "posts" ("owner_id", "bike_id", "price_per_day", "description", "created_at", "updated_at") VALUES ($1, $2, $3, $4, $5, $6) RETURNING "id"[0m  [["owner_id", 2], ["bike_id", 2], ["price_per_day", 81], ["description", "Laudantium esse placeat provident velit exercitationem."], ["created_at", "2020-04-26 03:37:44.615137"], ["updated_at", "2020-04-26 03:37:44.615137"]]
  [1m[35m (0.4ms)[0m  [1m[35mCOMMIT[0m
  [1m[35m (0.2ms)[0m  [1m[35mBEGIN[0m
  [1m[36mOwner Load (0.2ms)[0m  [1m[34mSELECT "owners".* FROM "owners" WHERE "owners"."id" = $1 LIMIT $2[0m  [["id", 3], ["LIMIT", 1]]
  [1m[36mBike Create (25.5ms)[0m  [1m[32mINSERT INTO "bikes" ("owner_id", "year", "make", "model", "rating", "bike_name", "category", "created_at", "updated_at") VALUES ($1, $2, $3, $4, $5, $6, $7, $8, $9) RETURNING "id"[0m  [["owner_id", 3], ["year", 1986], ["make", "Piaggio"], ["model", "Kaya Wan"], ["rating", 4], ["bike_name", "Kokiri Sword"], ["category", "Track"], ["created_at", "2020-04-26 03:37:44.621898"], ["updated_at", "2020-04-26 03:37:44.621898"]]
  [1m[35m (0.5ms)[0m  [1m[35mCOMMIT[0m
  [1m[36mBike Load (0.4ms)[0m  [1m[34mSELECT "bikes".* FROM "bikes" ORDER BY "bikes"."id" DESC LIMIT $1[0m  [["LIMIT", 1]]
  [1m[35m (0.1ms)[0m  [1m[35mBEGIN[0m
  [1m[36mBike Load (0.2ms)[0m  [1m[34mSELECT "bikes".* FROM "bikes" WHERE "bikes"."id" = $1 LIMIT $2[0m  [["id", 3], ["LIMIT", 1]]
  [1m[36mOwner Load (0.2ms)[0m  [1m[34mSELECT "owners".* FROM "owners" WHERE "owners"."id" = $1 LIMIT $2[0m  [["id", 3], ["LIMIT", 1]]
  [1m[36mPost Create (0.3ms)[0m  [1m[32mINSERT INTO "posts" ("owner_id", "bike_id", "price_per_day", "description", "created_at", "updated_at") VALUES ($1, $2, $3, $4, $5, $6) RETURNING "id"[0m  [["owner_id", 3], ["bike_id", 3], ["price_per_day", 168], ["description", "Qui voluptatem quod."], ["created_at", "2020-04-26 03:37:44.657405"], ["updated_at", "2020-04-26 03:37:44.657405"]]
  [1m[35m (0.5ms)[0m  [1m[35mCOMMIT[0m
  [1m[35m (0.1ms)[0m  [1m[35mBEGIN[0m
  [1m[36mOwner Load (0.2ms)[0m  [1m[34mSELECT "owners".* FROM "owners" WHERE "owners"."id" = $1 LIMIT $2[0m  [["id", 4], ["LIMIT", 1]]
  [1m[36mBike Create (0.6ms)[0m  [1m[32mINSERT INTO "bikes" ("owner_id", "year", "make", "model", "rating", "bike_name", "category", "created_at", "updated_at") VALUES ($1, $2, $3, $4, $5, $6, $7, $8, $9) RETURNING "id"[0m  [["owner_id", 4], ["year", 1965], ["make", "Ariel"], ["model", "Beth"], ["rating", 9], ["bike_name", "Ice Arrow"], ["category", "Dual-Purpose"], ["created_at", "2020-04-26 03:37:44.663921"], ["updated_at", "2020-04-26 03:37:44.663921"]]
  [1m[35m (5.1ms)[0m  [1m[35mCOMMIT[0m
  [1m[36mBike Load (24.9ms)[0m  [1m[34mSELECT "bikes".* FROM "bikes" ORDER BY "bikes"."id" DESC LIMIT $1[0m  [["LIMIT", 1]]
  [1m[35m (0.1ms)[0m  [1m[35mBEGIN[0m
  [1m[36mBike Load (0.3ms)[0m  [1m[34mSELECT "bikes".* FROM "bikes" WHERE "bikes"."id" = $1 LIMIT $2[0m  [["id", 4], ["LIMIT", 1]]
  [1m[36mOwner Load (0.2ms)[0m  [1m[34mSELECT "owners".* FROM "owners" WHERE "owners"."id" = $1 LIMIT $2[0m  [["id", 4], ["LIMIT", 1]]
  [1m[36mPost Create (0.5ms)[0m  [1m[32mINSERT INTO "posts" ("owner_id", "bike_id", "price_per_day", "description", "created_at", "updated_at") VALUES ($1, $2, $3, $4, $5, $6) RETURNING "id"[0m  [["owner_id", 4], ["bike_id", 4], ["price_per_day", 126], ["description", "Sed labore natus quia itaque."], ["created_at", "2020-04-26 03:37:44.704478"], ["updated_at", "2020-04-26 03:37:44.704478"]]
  [1m[35m (0.4ms)[0m  [1m[35mCOMMIT[0m
  [1m[35m (0.2ms)[0m  [1m[35mBEGIN[0m
  [1m[36mOwner Load (0.2ms)[0m  [1m[34mSELECT "owners".* FROM "owners" WHERE "owners"."id" = $1 LIMIT $2[0m  [["id", 5], ["LIMIT", 1]]
  [1m[36mBike Create (0.4ms)[0m  [1m[32mINSERT INTO "bikes" ("owner_id", "year", "make", "model", "rating", "bike_name", "category", "created_at", "updated_at") VALUES ($1, $2, $3, $4, $5, $6, $7, $8, $9) RETURNING "id"[0m  [["owner_id", 5], ["year", 1976], ["make", "Beta"], ["model", "Hylia"], ["rating", 10], ["bike_name", "Magic Hammer"], ["category", "Custom"], ["created_at", "2020-04-26 03:37:44.711263"], ["updated_at", "2020-04-26 03:37:44.711263"]]
  [1m[35m (0.4ms)[0m  [1m[35mCOMMIT[0m
  [1m[36mBike Load (0.2ms)[0m  [1m[34mSELECT "bikes".* FROM "bikes" ORDER BY "bikes"."id" DESC LIMIT $1[0m  [["LIMIT", 1]]
  [1m[35m (0.1ms)[0m  [1m[35mBEGIN[0m
  [1m[36mBike Load (0.2ms)[0m  [1m[34mSELECT "bikes".* FROM "bikes" WHERE "bikes"."id" = $1 LIMIT $2[0m  [["id", 5], ["LIMIT", 1]]
  [1m[36mOwner Load (0.2ms)[0m  [1m[34mSELECT "owners".* FROM "owners" WHERE "owners"."id" = $1 LIMIT $2[0m  [["id", 5], ["LIMIT", 1]]
  [1m[36mPost Create (0.5ms)[0m  [1m[32mINSERT INTO "posts" ("owner_id", "bike_id", "price_per_day", "description", "created_at", "updated_at") VALUES ($1, $2, $3, $4, $5, $6) RETURNING "id"[0m  [["owner_id", 5], ["bike_id", 5], ["price_per_day", 139], ["description", "Ad occaecati soluta deleniti velit."], ["created_at", "2020-04-26 03:37:44.721023"], ["updated_at", "2020-04-26 03:37:44.721023"]]
  [1m[35m (25.0ms)[0m  [1m[35mCOMMIT[0m
  [1m[35m (0.2ms)[0m  [1m[35mBEGIN[0m
  [1m[36mOwner Load (0.2ms)[0m  [1m[34mSELECT "owners".* FROM "owners" WHERE "owners"."id" = $1 LIMIT $2[0m  [["id", 6], ["LIMIT", 1]]
  [1m[36mBike Create (0.3ms)[0m  [1m[32mINSERT INTO "bikes" ("owner_id", "year", "make", "model", "rating", "bike_name", "category", "created_at", "updated_at") VALUES ($1, $2, $3, $4, $5, $6, $7, $8, $9) RETURNING "id"[0m  [["owner_id", 6], ["year", 2020], ["make", "BMW"], ["model", "Midna"], ["rating", 9], ["bike_name", "Hylian Shield"], ["category", "Scooter"], ["created_at", "2020-04-26 03:37:44.752788"], ["updated_at", "2020-04-26 03:37:44.752788"]]
  [1m[35m (0.3ms)[0m  [1m[35mCOMMIT[0m
  [1m[36mBike Load (0.3ms)[0m  [1m[34mSELECT "bikes".* FROM "bikes" ORDER BY "bikes"."id" DESC LIMIT $1[0m  [["LIMIT", 1]]
  [1m[35m (0.2ms)[0m  [1m[35mBEGIN[0m
  [1m[36mBike Load (0.2ms)[0m  [1m[34mSELECT "bikes".* FROM "bikes" WHERE "bikes"."id" = $1 LIMIT $2[0m  [["id", 6], ["LIMIT", 1]]
  [1m[36mOwner Load (0.3ms)[0m  [1m[34mSELECT "owners".* FROM "owners" WHERE "owners"."id" = $1 LIMIT $2[0m  [["id", 6], ["LIMIT", 1]]
  [1m[36mPost Create (0.3ms)[0m  [1m[32mINSERT INTO "posts" ("owner_id", "bike_id", "price_per_day", "description", "created_at", "updated_at") VALUES ($1, $2, $3, $4, $5, $6) RETURNING "id"[0m  [["owner_id", 6], ["bike_id", 6], ["price_per_day", 228], ["description", "Labore aut sint esse."], ["created_at", "2020-04-26 03:37:44.763119"], ["updated_at", "2020-04-26 03:37:44.763119"]]
  [1m[35m (0.5ms)[0m  [1m[35mCOMMIT[0m
  [1m[35m (0.1ms)[0m  [1m[35mBEGIN[0m
  [1m[36mOwner Load (0.2ms)[0m  [1m[34mSELECT "owners".* FROM "owners" WHERE "owners"."id" = $1 LIMIT $2[0m  [["id", 7], ["LIMIT", 1]]
  [1m[36mBike Create (0.3ms)[0m  [1m[32mINSERT INTO "bikes" ("owner_id", "year", "make", "model", "rating", "bike_name", "category", "created_at", "updated_at") VALUES ($1, $2, $3, $4, $5, $6, $7, $8, $9) RETURNING "id"[0m  [["owner_id", 7], ["year", 1967], ["make", "Kawasaki"], ["model", "Kayo"], ["rating", 7], ["bike_name", "Strange Flute"], ["category", "Dual-Purpose"], ["created_at", "2020-04-26 03:37:44.769628"], ["updated_at", "2020-04-26 03:37:44.769628"]]
  [1m[35m (0.4ms)[0m  [1m[35mCOMMIT[0m
  [1m[36mBike Load (24.7ms)[0m  [1m[34mSELECT "bikes".* FROM "bikes" ORDER BY "bikes"."id" DESC LIMIT $1[0m  [["LIMIT", 1]]
  [1m[35m (0.2ms)[0m  [1m[35mBEGIN[0m
  [1m[36mBike Load (0.2ms)[0m  [1m[34mSELECT "bikes".* FROM "bikes" WHERE "bikes"."id" = $1 LIMIT $2[0m  [["id", 7], ["LIMIT", 1]]
  [1m[36mOwner Load (0.2ms)[0m  [1m[34mSELECT "owners".* FROM "owners" WHERE "owners"."id" = $1 LIMIT $2[0m  [["id", 7], ["LIMIT", 1]]
  [1m[36mPost Create (0.3ms)[0m  [1m[32mINSERT INTO "posts" ("owner_id", "bike_id", "price_per_day", "description", "created_at", "updated_at") VALUES ($1, $2, $3, $4, $5, $6) RETURNING "id"[0m  [["owner_id", 7], ["bike_id", 7], ["price_per_day", 123], ["description", "Odit consequatur autem."], ["created_at", "2020-04-26 03:37:44.804571"], ["updated_at", "2020-04-26 03:37:44.804571"]]
  [1m[35m (0.5ms)[0m  [1m[35mCOMMIT[0m
  [1m[35m (0.2ms)[0m  [1m[35mBEGIN[0m
  [1m[36mOwner Load (0.2ms)[0m  [1m[34mSELECT "owners".* FROM "owners" WHERE "owners"."id" = $1 LIMIT $2[0m  [["id", 8], ["LIMIT", 1]]
  [1m[36mBike Create (0.3ms)[0m  [1m[32mINSERT INTO "bikes" ("owner_id", "year", "make", "model", "rating", "bike_name", "category", "created_at", "updated_at") VALUES ($1, $2, $3, $4, $5, $6, $7, $8, $9) RETURNING "id"[0m  [["owner_id", 8], ["year", 2002], ["make", "Keeway"], ["model", "Sha Warvo"], ["rating", 4], ["bike_name", "Spinner"], ["category", "Sport Touring"], ["created_at", "2020-04-26 03:37:44.811128"], ["updated_at", "2020-04-26 03:37:44.811128"]]
  [1m[35m (0.5ms)[0m  [1m[35mCOMMIT[0m
  [1m[36mBike Load (0.3ms)[0m  [1m[34mSELECT "bikes".* FROM "bikes" ORDER BY "bikes"."id" DESC LIMIT $1[0m  [["LIMIT", 1]]
  [1m[35m (0.1ms)[0m  [1m[35mBEGIN[0m
  [1m[36mBike Load (0.2ms)[0m  [1m[34mSELECT "bikes".* FROM "bikes" WHERE "bikes"."id" = $1 LIMIT $2[0m  [["id", 8], ["LIMIT", 1]]
  [1m[36mOwner Load (0.2ms)[0m  [1m[34mSELECT "owners".* FROM "owners" WHERE "owners"."id" = $1 LIMIT $2[0m  [["id", 8], ["LIMIT", 1]]
  [1m[36mPost Create (0.3ms)[0m  [1m[32mINSERT INTO "posts" ("owner_id", "bike_id", "price_per_day", "description", "created_at", "updated_at") VALUES ($1, $2, $3, $4, $5, $6) RETURNING "id"[0m  [["owner_id", 8], ["bike_id", 8], ["price_per_day", 230], ["description", "Et enim et aspernatur tempore ut."], ["created_at", "2020-04-26 03:37:44.820985"], ["updated_at", "2020-04-26 03:37:44.820985"]]
  [1m[35m (25.5ms)[0m  [1m[35mCOMMIT[0m
  [1m[35m (0.2ms)[0m  [1m[35mBEGIN[0m
  [1m[36mOwner Load (0.7ms)[0m  [1m[34mSELECT "owners".* FROM "owners" WHERE "owners"."id" = $1 LIMIT $2[0m  [["id", 9], ["LIMIT", 1]]
  [1m[36mBike Create (0.4ms)[0m  [1m[32mINSERT INTO "bikes" ("owner_id", "year", "make", "model", "rating", "bike_name", "category", "created_at", "updated_at") VALUES ($1, $2, $3, $4, $5, $6, $7, $8, $9) RETURNING "id"[0m  [["owner_id", 9], ["year", 1982], ["make", "NSU"], ["model", "Nyeve"], ["rating", 6], ["bike_name", "Captain's Hat"], ["category", "Trike"], ["created_at", "2020-04-26 03:37:44.853448"], ["updated_at", "2020-04-26 03:37:44.853448"]]
  [1m[35m (0.5ms)[0m  [1m[35mCOMMIT[0m
  [1m[36mBike Load (0.3ms)[0m  [1m[34mSELECT "bikes".* FROM "bikes" ORDER BY "bikes"."id" DESC LIMIT $1[0m  [["LIMIT", 1]]
  [1m[35m (0.1ms)[0m  [1m[35mBEGIN[0m
  [1m[36mBike Load (0.2ms)[0m  [1m[34mSELECT "bikes".* FROM "bikes" WHERE "bikes"."id" = $1 LIMIT $2[0m  [["id", 9], ["LIMIT", 1]]
  [1m[36mOwner Load (0.2ms)[0m  [1m[34mSELECT "owners".* FROM "owners" WHERE "owners"."id" = $1 LIMIT $2[0m  [["id", 9], ["LIMIT", 1]]
  [1m[36mPost Create (0.3ms)[0m  [1m[32mINSERT INTO "posts" ("owner_id", "bike_id", "price_per_day", "description", "created_at", "updated_at") VALUES ($1, $2, $3, $4, $5, $6) RETURNING "id"[0m  [["owner_id", 9], ["bike_id", 9], ["price_per_day", 171], ["description", "Ad voluptas eaque aperiam autem."], ["created_at", "2020-04-26 03:37:44.863751"], ["updated_at", "2020-04-26 03:37:44.863751"]]
  [1m[35m (0.4ms)[0m  [1m[35mCOMMIT[0m
  [1m[35m (0.1ms)[0m  [1m[35mBEGIN[0m
  [1m[36mOwner Load (0.2ms)[0m  [1m[34mSELECT "owners".* FROM "owners" WHERE "owners"."id" = $1 LIMIT $2[0m  [["id", 10], ["LIMIT", 1]]
  [1m[36mBike Create (0.3ms)[0m  [1m[32mINSERT INTO "bikes" ("owner_id", "year", "make", "model", "rating", "bike_name", "category", "created_at", "updated_at") VALUES ($1, $2, $3, $4, $5, $6, $7, $8, $9) RETURNING "id"[0m  [["owner_id", 10], ["year", 2009], ["make", "MuZ"], ["model", "Grandma"], ["rating", 8], ["bike_name", "Gibdo Mask"], ["category", "Cruiser"], ["created_at", "2020-04-26 03:37:44.869806"], ["updated_at", "2020-04-26 03:37:44.869806"]]
  [1m[35m (0.5ms)[0m  [1m[35mCOMMIT[0m
  [1m[36mBike Load (24.6ms)[0m  [1m[34mSELECT "bikes".* FROM "bikes" ORDER BY "bikes"."id" DESC LIMIT $1[0m  [["LIMIT", 1]]
  [1m[35m (0.2ms)[0m  [1m[35mBEGIN[0m
  [1m[36mBike Load (0.2ms)[0m  [1m[34mSELECT "bikes".* FROM "bikes" WHERE "bikes"."id" = $1 LIMIT $2[0m  [["id", 10], ["LIMIT", 1]]
  [1m[36mOwner Load (0.1ms)[0m  [1m[34mSELECT "owners".* FROM "owners" WHERE "owners"."id" = $1 LIMIT $2[0m  [["id", 10], ["LIMIT", 1]]
  [1m[36mPost Create (0.3ms)[0m  [1m[32mINSERT INTO "posts" ("owner_id", "bike_id", "price_per_day", "description", "created_at", "updated_at") VALUES ($1, $2, $3, $4, $5, $6) RETURNING "id"[0m  [["owner_id", 10], ["bike_id", 10], ["price_per_day", 175], ["description", "Eaque aut necessitatibus est molestiae nisi."], ["created_at", "2020-04-26 03:37:44.904287"], ["updated_at", "2020-04-26 03:37:44.904287"]]
  [1m[35m (0.4ms)[0m  [1m[35mCOMMIT[0m
  [1m[36mUser Load (0.5ms)[0m  [1m[34mSELECT "users".* FROM "users" LIMIT $1[0m  [["LIMIT", 11]]
  [1m[36mUser Exists? (1.3ms)[0m  [1m[34mSELECT 1 AS one FROM "users" LIMIT $1[0m  [["LIMIT", 1]]
  [1m[36mUser Load (0.4ms)[0m  [1m[34mSELECT "users".* FROM "users"[0m
  [1m[36mUser Load (1.3ms)[0m  [1m[34mSELECT "users".* FROM "users" ORDER BY "users"."id" ASC LIMIT $1[0m  [["LIMIT", 1]]
  [1m[36mOwner Load (0.5ms)[0m  [1m[34mSELECT "owners".* FROM "owners" WHERE "owners"."user_id" = $1 LIMIT $2[0m  [["user_id", 1], ["LIMIT", 11]]
  [1m[36mUser Load (11.7ms)[0m  [1m[34mSELECT "users".* FROM "users" ORDER BY "users"."id" ASC LIMIT $1[0m  [["LIMIT", 1]]
  [1m[36mOwner Load (0.6ms)[0m  [1m[34mSELECT "owners".* FROM "owners" WHERE "owners"."user_id" = $1 LIMIT $2[0m  [["user_id", 1], ["LIMIT", 11]]
  [1m[36mOwner Load (9.9ms)[0m  [1m[34mSELECT "owners".* FROM "owners" WHERE "owners"."user_id" = $1 LIMIT $2[0m  [["user_id", 1], ["LIMIT", 11]]
  [1m[36mOwner Load (2.4ms)[0m  [1m[34mSELECT "owners".* FROM "owners" WHERE "owners"."user_id" = $1 LIMIT $2[0m  [["user_id", 1], ["LIMIT", 11]]
  [1m[36mOwner Load (0.3ms)[0m  [1m[34mSELECT "owners".* FROM "owners" ORDER BY "owners"."id" ASC LIMIT $1[0m  [["LIMIT", 1]]
  [1m[36mBike Load (0.5ms)[0m  [1m[34mSELECT "bikes".* FROM "bikes" WHERE "bikes"."owner_id" = $1 LIMIT $2[0m  [["owner_id", 1], ["LIMIT", 11]]
  [1m[36mOwner Load (41.9ms)[0m  [1m[34mSELECT "owners".* FROM "owners" ORDER BY "owners"."id" ASC LIMIT $1[0m  [["LIMIT", 1]]
  [1m[36mPost Load (1.5ms)[0m  [1m[34mSELECT "posts".* FROM "posts" WHERE "posts"."owner_id" = $1 LIMIT $2[0m  [["owner_id", 1], ["LIMIT", 11]]
  [1m[36mRenter Load (0.4ms)[0m  [1m[34mSELECT "renters".* FROM "renters" ORDER BY "renters"."id" ASC LIMIT $1[0m  [["LIMIT", 1]]
  [1m[36mRenter Load (2.5ms)[0m  [1m[34mSELECT "renters".* FROM "renters" ORDER BY "renters"."id" ASC LIMIT $1[0m  [["LIMIT", 1]]
  [1m[36mPost Load (2.3ms)[0m  [1m[34mSELECT "posts".* FROM "posts" INNER JOIN "renter_posts" ON "posts"."id" = "renter_posts"."post_id" WHERE "renter_posts"."renter_id" = $1 LIMIT $2[0m  [["renter_id", 1], ["LIMIT", 11]]
Started GET "/" for ::1 at 2020-04-25 22:45:04 -0500
  [1m[35m (28.5ms)[0m  [1m[34mSELECT "schema_migrations"."version" FROM "schema_migrations" ORDER BY "schema_migrations"."version" ASC[0m
Processing by StaticController#home as HTML
  [1m[36mUser Load (0.8ms)[0m  [1m[34mSELECT "users".* FROM "users"[0m
  ↳ app/controllers/static_controller.rb:3:in `home'
Completed 200 OK in 140ms (Views: 77.7ms | ActiveRecord: 32.7ms | Allocations: 13994)


Started GET "/" for ::1 at 2020-04-25 22:45:35 -0500
Processing by StaticController#home as HTML
  [1m[36mUser Load (0.5ms)[0m  [1m[34mSELECT "users".* FROM "users"[0m
  ↳ app/controllers/static_controller.rb:3:in `home'
  [1m[36mBike Load (0.8ms)[0m  [1m[34mSELECT "bikes".* FROM "bikes"[0m
  ↳ app/controllers/static_controller.rb:3:in `home'
Completed 200 OK in 284ms (Views: 126.5ms | ActiveRecord: 99.7ms | Allocations: 23898)


